[0.031s] Invoking command in '/home/user/ws/src/chibi25_b/build/teamb_local_goal_creator': CMAKE_PREFIX_PATH=${CMAKE_PREFIX_PATH}:/home/user/ws/install/turtlesim_controller_py:/opt/ros/humble /usr/bin/cmake /home/user/ws/src/chibi25_b/local_goal_creator -DCMAKE_INSTALL_PREFIX=/home/user/ws/src/chibi25_b/install/teamb_local_goal_creator
[0.238s] -- The C compiler identification is GNU 11.4.0
[0.333s] -- The CXX compiler identification is GNU 11.4.0
[0.350s] -- Detecting C compiler ABI info
[0.437s] -- Detecting C compiler ABI info - done
[0.447s] -- Check for working C compiler: /usr/bin/cc - skipped
[0.448s] -- Detecting C compile features
[0.450s] -- Detecting C compile features - done
[0.455s] -- Detecting CXX compiler ABI info
[0.558s] -- Detecting CXX compiler ABI info - done
[0.563s] -- Check for working CXX compiler: /usr/bin/c++ - skipped
[0.563s] -- Detecting CXX compile features
[0.564s] -- Detecting CXX compile features - done
[0.592s] -- Found ament_cmake_auto: 1.3.11 (/opt/ros/humble/share/ament_cmake_auto/cmake)
[0.778s] -- Found Python3: /usr/bin/python3 (found version "3.10.12") found components: Interpreter 
[0.987s] [31mCMake Error at /opt/ros/humble/share/ament_cmake_core/cmake/core/ament_package_xml.cmake:53 (message):
[0.987s]   ament_package_xml() package name 'teamb_local_goal_creator' in
[0.987s]   '/package.xml' does not match current PROJECT_NAME
[0.987s]   'team_local_goal_creator'.  You must call project() with the same package
[0.987s]   name before.
[0.987s] Call Stack (most recent call first):
[0.988s]   /opt/ros/humble/share/ament_cmake_auto/cmake/ament_auto_find_build_dependencies.cmake:42 (ament_package_xml)
[0.988s]   CMakeLists.txt:7 (ament_auto_find_build_dependencies)
[0.988s] 
[0.988s] [0m
[0.988s] -- Configuring incomplete, errors occurred!
[0.988s] See also "/home/user/ws/src/chibi25_b/build/teamb_local_goal_creator/CMakeFiles/CMakeOutput.log".
[0.991s] Invoked command in '/home/user/ws/src/chibi25_b/build/teamb_local_goal_creator' returned '1': CMAKE_PREFIX_PATH=${CMAKE_PREFIX_PATH}:/home/user/ws/install/turtlesim_controller_py:/opt/ros/humble /usr/bin/cmake /home/user/ws/src/chibi25_b/local_goal_creator -DCMAKE_INSTALL_PREFIX=/home/user/ws/src/chibi25_b/install/teamb_local_goal_creator
