[0.048s] Invoking command in '/home/user/ws/src/chibi25_b/build/team_local_path_planner': CMAKE_PREFIX_PATH=${CMAKE_PREFIX_PATH}:/home/user/ws/install/turtlesim_controller_py:/opt/ros/humble /usr/bin/cmake /home/user/ws/src/chibi25_b/local_path_planner -DCMAKE_BUILD_TYPE=RelWithDebInfo -DAMENT_CMAKE_SYMLINK_INSTALL=1 -DCMAKE_INSTALL_PREFIX=/home/user/ws/src/chibi25_b/install/team_local_path_planner
[0.403s] -- The C compiler identification is GNU 11.4.0
[0.579s] -- The CXX compiler identification is GNU 11.4.0
[0.596s] -- Detecting C compiler ABI info
[0.705s] -- Detecting C compiler ABI info - done
[0.714s] -- Check for working C compiler: /usr/bin/cc - skipped
[0.714s] -- Detecting C compile features
[0.715s] -- Detecting C compile features - done
[0.721s] -- Detecting CXX compiler ABI info
[0.820s] -- Detecting CXX compiler ABI info - done
[0.832s] -- Check for working CXX compiler: /usr/bin/c++ - skipped
[0.833s] -- Detecting CXX compile features
[0.834s] -- Detecting CXX compile features - done
[0.850s] -- Found ament_cmake_auto: 1.3.11 (/opt/ros/humble/share/ament_cmake_auto/cmake)
[1.077s] -- Found Python3: /usr/bin/python3 (found version "3.10.12") found components: Interpreter 
[1.194s] -- Override CMake install command with custom implementation using symlinks instead of copying resources
[1.483s] -- Found rosidl_generator_c: 3.1.6 (/opt/ros/humble/share/rosidl_generator_c/cmake)
[1.496s] -- Found rosidl_adapter: 3.1.6 (/opt/ros/humble/share/rosidl_adapter/cmake)
[1.516s] -- Found rosidl_generator_cpp: 3.1.6 (/opt/ros/humble/share/rosidl_generator_cpp/cmake)
[1.555s] -- Using all available rosidl_typesupport_c: rosidl_typesupport_fastrtps_c;rosidl_typesupport_introspection_c
[1.589s] -- Using all available rosidl_typesupport_cpp: rosidl_typesupport_fastrtps_cpp;rosidl_typesupport_introspection_cpp
[1.690s] -- Found rmw_implementation_cmake: 6.1.2 (/opt/ros/humble/share/rmw_implementation_cmake/cmake)
[1.700s] -- Found rmw_fastrtps_cpp: 6.2.7 (/opt/ros/humble/share/rmw_fastrtps_cpp/cmake)
[1.872s] -- Found OpenSSL: /usr/lib/x86_64-linux-gnu/libcrypto.so (found version "3.0.2")  
[1.914s] -- Found FastRTPS: /opt/ros/humble/include  
[1.972s] -- Using RMW implementation 'rmw_fastrtps_cpp' as default
[1.997s] -- Looking for pthread.h
[2.105s] -- Looking for pthread.h - found
[2.106s] -- Performing Test CMAKE_HAVE_LIBC_PTHREAD
[2.205s] -- Performing Test CMAKE_HAVE_LIBC_PTHREAD - Success
[2.207s] -- Found Threads: TRUE  
[2.641s] -- Found eigen3_cmake_module: 0.1.1 (/opt/ros/humble/share/eigen3_cmake_module/cmake)
[2.646s] -- Found Eigen3: TRUE (found version "3.4.0") 
[2.647s] -- Ensuring Eigen3 include directory is part of orocos-kdl CMake target
[2.774s] -- Configuring done
[2.801s] -- Generating done
[2.807s] -- Build files have been written to: /home/user/ws/src/chibi25_b/build/team_local_path_planner
