[01m[K/home/user/ws/src/chibi25_b/local_goal_creator/src/local_goal_creator.cpp:12:6:[m[K [01;31m[Kerror: [m[Kno declaration matches ‘[01m[Kvoid LocalGoalCreator::poseCallback()[m[K’
   12 | void [01;31m[KLocalGoalCreator[m[K::poseCallback()//subのコールバック関数
      |      [01;31m[K^~~~~~~~~~~~~~~~[m[K
In file included from [01m[K/home/user/ws/src/chibi25_b/local_goal_creator/src/local_goal_creator.cpp:1[m[K:
[01m[K/home/user/ws/src/chibi25_b/local_goal_creator/include/local_goal_creator/local_goal_creator.hpp:18:10:[m[K [01;36m[Knote: [m[Kcandidate is: ‘[01m[Kvoid LocalGoalCreator::poseCallback(geometry_msgs::msg::PoseStamped_<std::allocator<void> >::SharedPtr)[m[K’
   18 |     void [01;36m[KposeCallback[m[K(const geometry_msgs::msg::PoseStamped::SharedPtr msg);
      |          [01;36m[K^~~~~~~~~~~~[m[K
[01m[K/home/user/ws/src/chibi25_b/local_goal_creator/include/local_goal_creator/local_goal_creator.hpp:9:7:[m[K [01;36m[Knote: [m[K‘[01m[Kclass LocalGoalCreator[m[K’ defined here
    9 | class [01;36m[KLocalGoalCreator[m[K : public rclcpp::Node
      |       [01;36m[K^~~~~~~~~~~~~~~~[m[K
[01m[K/home/user/ws/src/chibi25_b/local_goal_creator/src/local_goal_creator.cpp:17:6:[m[K [01;31m[Kerror: [m[Kno declaration matches ‘[01m[Kvoid LocalGoalCreator::pathCallback()[m[K’
   17 | void [01;31m[KLocalGoalCreator[m[K::pathCallback()//subのコールバック関数
      |      [01;31m[K^~~~~~~~~~~~~~~~[m[K
In file included from [01m[K/home/user/ws/src/chibi25_b/local_goal_creator/src/local_goal_creator.cpp:1[m[K:
[01m[K/home/user/ws/src/chibi25_b/local_goal_creator/include/local_goal_creator/local_goal_creator.hpp:17:10:[m[K [01;36m[Knote: [m[Kcandidate is: ‘[01m[Kvoid LocalGoalCreator::pathCallback(nav_msgs::msg::Path_<std::allocator<void> >::SharedPtr)[m[K’
   17 |     void [01;36m[KpathCallback[m[K(const nav_msgs::msg::Path::SharedPtr msg);
      |          [01;36m[K^~~~~~~~~~~~[m[K
[01m[K/home/user/ws/src/chibi25_b/local_goal_creator/include/local_goal_creator/local_goal_creator.hpp:9:7:[m[K [01;36m[Knote: [m[K‘[01m[Kclass LocalGoalCreator[m[K’ defined here
    9 | class [01;36m[KLocalGoalCreator[m[K : public rclcpp::Node
      |       [01;36m[K^~~~~~~~~~~~~~~~[m[K
[01m[K/home/user/ws/src/chibi25_b/local_goal_creator/src/local_goal_creator.cpp:[m[K In member function ‘[01m[Kint LocalGoalCreator::getOdomFreq()[m[K’:
[01m[K/home/user/ws/src/chibi25_b/local_goal_creator/src/local_goal_creator.cpp:25:1:[m[K [01;35m[Kwarning: [m[Kno return statement in function returning non-void [[01;35m[K-Wreturn-type[m[K]
   25 | [01;35m[K}[m[K
      | [01;35m[K^[m[K
[01m[K/home/user/ws/src/chibi25_b/local_goal_creator/src/local_goal_creator.cpp:[m[K In member function ‘[01m[Kdouble LocalGoalCreator::getDistance()[m[K’:
[01m[K/home/user/ws/src/chibi25_b/local_goal_creator/src/local_goal_creator.cpp:41:1:[m[K [01;35m[Kwarning: [m[Kno return statement in function returning non-void [[01;35m[K-Wreturn-type[m[K]
   41 | [01;35m[K}[m[K
      | [01;35m[K^[m[K
gmake[2]: *** [CMakeFiles/team_local_goal_creator_node.dir/build.make:76: CMakeFiles/team_local_goal_creator_node.dir/src/local_goal_creator.cpp.o] Error 1
gmake[2]: *** Waiting for unfinished jobs....
gmake[1]: *** [CMakeFiles/Makefile2:137: CMakeFiles/team_local_goal_creator_node.dir/all] Error 2
gmake: *** [Makefile:146: all] Error 2
