[31mCMake Error at /opt/ros/humble/share/ament_cmake_auto/cmake/ament_auto_add_executable.cmake:66 (add_executable):
  Cannot find source file:

    src/localizer.cpp

  Tried extensions .c .C .c++ .cc .cpp .cxx .cu .mpp .m .M .mm .ixx .cppm .h
  .hh .h++ .hm .hpp .hxx .in .txx .f .F .for .f77 .f90 .f95 .f03 .hip .ispc
Call Stack (most recent call first):
  CMakeLists.txt:9 (ament_auto_add_executable)

[0m
[31mCMake Error at CMakeLists.txt:24 (add_executable):
  Cannot find source file:

    src/turtle_tf_broadcaster.cpp

  Tried extensions .c .C .c++ .cc .cpp .cxx .cu .mpp .m .M .mm .ixx .cppm .h
  .hh .h++ .hm .hpp .hxx .in .txx .f .F .for .f77 .f90 .f95 .f03 .hip .ispc

[0m
[31mCMake Error at /opt/ros/humble/share/ament_cmake_auto/cmake/ament_auto_add_executable.cmake:66 (add_executable):
  No SOURCES given to target: teamb_obstacle_detector_node
Call Stack (most recent call first):
  CMakeLists.txt:9 (ament_auto_add_executable)

[0m
[31mCMake Error at CMakeLists.txt:24 (add_executable):
  No SOURCES given to target: turtle_tf_broadcaster

[0m
[0mCMake Generate step failed.  Build files cannot be regenerated correctly.[0m
