[0.086s] DEBUG:colcon:Command line arguments: ['/usr/bin/colcon', 'list']
[0.086s] DEBUG:colcon:Parsed command line arguments: Namespace(log_base=None, log_level=None, verb_name='list', build_base='build', ignore_user_meta=False, metas=['./colcon.meta'], base_paths=['.'], packages_ignore=None, packages_ignore_regex=None, paths=None, packages_up_to=None, packages_up_to_regex=None, packages_above=None, packages_above_and_dependencies=None, packages_above_depth=None, packages_select_by_dep=None, packages_skip_by_dep=None, packages_skip_up_to=None, packages_select_build_failed=False, packages_skip_build_finished=False, packages_select_test_failures=False, packages_skip_test_passed=False, packages_select=None, packages_skip=None, packages_select_regex=None, packages_skip_regex=None, packages_start=None, packages_end=None, topological_order=False, names_only=False, paths_only=False, topological_graph=False, topological_graph_dot=False, topological_graph_density=False, topological_graph_legend=False, topological_graph_dot_cluster=False, topological_graph_dot_include_skipped=False, mixin_files=None, mixin=None, verb_parser=<colcon_mixin.mixin.mixin_argument.MixinArgumentDecorator object at 0x7fb1cce74c40>, verb_extension=<colcon_package_information.verb.list.ListVerb object at 0x7fb1ccf8d720>, main=<bound method ListVerb.main of <colcon_package_information.verb.list.ListVerb object at 0x7fb1ccf8d720>>, mixin_verb=('list',))
[0.212s] Level 1:colcon.colcon_core.package_discovery:discover_packages(colcon_meta) check parameters
[0.213s] Level 1:colcon.colcon_core.package_discovery:discover_packages(recursive) check parameters
[0.213s] Level 1:colcon.colcon_core.package_discovery:discover_packages(ignore) check parameters
[0.213s] Level 1:colcon.colcon_core.package_discovery:discover_packages(path) check parameters
[0.213s] Level 1:colcon.colcon_core.package_discovery:discover_packages(colcon_meta) discover
[0.213s] Level 1:colcon.colcon_core.package_discovery:discover_packages(recursive) discover
[0.213s] INFO:colcon.colcon_core.package_discovery:Crawling recursively for packages in '/home/user/ws/src/chibi25_b'
[0.213s] Level 1:colcon.colcon_core.package_identification:_identify(.) by extensions ['ignore', 'ignore_ament_install']
[0.213s] Level 1:colcon.colcon_core.package_identification:_identify(.) by extension 'ignore'
[0.213s] Level 1:colcon.colcon_core.package_identification:_identify(.) by extension 'ignore_ament_install'
[0.213s] Level 1:colcon.colcon_core.package_identification:_identify(.) by extensions ['colcon_pkg']
[0.213s] Level 1:colcon.colcon_core.package_identification:_identify(.) by extension 'colcon_pkg'
[0.213s] Level 1:colcon.colcon_core.package_identification:_identify(.) by extensions ['colcon_meta']
[0.213s] Level 1:colcon.colcon_core.package_identification:_identify(.) by extension 'colcon_meta'
[0.213s] Level 1:colcon.colcon_core.package_identification:_identify(.) by extensions ['ros']
[0.213s] Level 1:colcon.colcon_core.package_identification:_identify(.) by extension 'ros'
[0.225s] Level 1:colcon.colcon_core.package_identification:_identify(.) by extensions ['cmake', 'python']
[0.225s] Level 1:colcon.colcon_core.package_identification:_identify(.) by extension 'cmake'
[0.225s] Level 1:colcon.colcon_core.package_identification:_identify(.) by extension 'python'
[0.225s] Level 1:colcon.colcon_core.package_identification:_identify(.) by extensions ['python_setup_py']
[0.225s] Level 1:colcon.colcon_core.package_identification:_identify(.) by extension 'python_setup_py'
[0.225s] Level 1:colcon.colcon_core.package_identification:_identify(build) by extensions ['ignore', 'ignore_ament_install']
[0.225s] Level 1:colcon.colcon_core.package_identification:_identify(build) by extension 'ignore'
[0.225s] Level 1:colcon.colcon_core.package_identification:_identify(build) ignored
[0.226s] Level 1:colcon.colcon_core.package_identification:_identify(global_path_planner) by extensions ['ignore', 'ignore_ament_install']
[0.226s] Level 1:colcon.colcon_core.package_identification:_identify(global_path_planner) by extension 'ignore'
[0.226s] Level 1:colcon.colcon_core.package_identification:_identify(global_path_planner) by extension 'ignore_ament_install'
[0.226s] Level 1:colcon.colcon_core.package_identification:_identify(global_path_planner) by extensions ['colcon_pkg']
[0.226s] Level 1:colcon.colcon_core.package_identification:_identify(global_path_planner) by extension 'colcon_pkg'
[0.226s] Level 1:colcon.colcon_core.package_identification:_identify(global_path_planner) by extensions ['colcon_meta']
[0.226s] Level 1:colcon.colcon_core.package_identification:_identify(global_path_planner) by extension 'colcon_meta'
[0.226s] Level 1:colcon.colcon_core.package_identification:_identify(global_path_planner) by extensions ['ros']
[0.226s] Level 1:colcon.colcon_core.package_identification:_identify(global_path_planner) by extension 'ros'
[0.229s] DEBUG:colcon.colcon_core.package_identification:Package 'global_path_planner' with type 'ros.ament_cmake' and name 'team_global_path_planner'
[0.229s] Level 1:colcon.colcon_core.package_identification:_identify(install) by extensions ['ignore', 'ignore_ament_install']
[0.229s] Level 1:colcon.colcon_core.package_identification:_identify(install) by extension 'ignore'
[0.229s] Level 1:colcon.colcon_core.package_identification:_identify(install) ignored
[0.229s] Level 1:colcon.colcon_core.package_identification:_identify(local_goal_creator) by extensions ['ignore', 'ignore_ament_install']
[0.229s] Level 1:colcon.colcon_core.package_identification:_identify(local_goal_creator) by extension 'ignore'
[0.229s] Level 1:colcon.colcon_core.package_identification:_identify(local_goal_creator) by extension 'ignore_ament_install'
[0.230s] Level 1:colcon.colcon_core.package_identification:_identify(local_goal_creator) by extensions ['colcon_pkg']
[0.230s] Level 1:colcon.colcon_core.package_identification:_identify(local_goal_creator) by extension 'colcon_pkg'
[0.230s] Level 1:colcon.colcon_core.package_identification:_identify(local_goal_creator) by extensions ['colcon_meta']
[0.230s] Level 1:colcon.colcon_core.package_identification:_identify(local_goal_creator) by extension 'colcon_meta'
[0.230s] Level 1:colcon.colcon_core.package_identification:_identify(local_goal_creator) by extensions ['ros']
[0.230s] Level 1:colcon.colcon_core.package_identification:_identify(local_goal_creator) by extension 'ros'
[0.231s] DEBUG:colcon.colcon_core.package_identification:Package 'local_goal_creator' with type 'ros.ament_cmake' and name 'teamb_local_goal_creator'
[0.231s] Level 1:colcon.colcon_core.package_identification:_identify(local_map_creator) by extensions ['ignore', 'ignore_ament_install']
[0.231s] Level 1:colcon.colcon_core.package_identification:_identify(local_map_creator) by extension 'ignore'
[0.231s] Level 1:colcon.colcon_core.package_identification:_identify(local_map_creator) by extension 'ignore_ament_install'
[0.231s] Level 1:colcon.colcon_core.package_identification:_identify(local_map_creator) by extensions ['colcon_pkg']
[0.231s] Level 1:colcon.colcon_core.package_identification:_identify(local_map_creator) by extension 'colcon_pkg'
[0.231s] Level 1:colcon.colcon_core.package_identification:_identify(local_map_creator) by extensions ['colcon_meta']
[0.231s] Level 1:colcon.colcon_core.package_identification:_identify(local_map_creator) by extension 'colcon_meta'
[0.231s] Level 1:colcon.colcon_core.package_identification:_identify(local_map_creator) by extensions ['ros']
[0.231s] Level 1:colcon.colcon_core.package_identification:_identify(local_map_creator) by extension 'ros'
[0.232s] DEBUG:colcon.colcon_core.package_identification:Package 'local_map_creator' with type 'ros.ament_cmake' and name 'local_map_creator'
[0.232s] Level 1:colcon.colcon_core.package_identification:_identify(local_path_planner) by extensions ['ignore', 'ignore_ament_install']
[0.232s] Level 1:colcon.colcon_core.package_identification:_identify(local_path_planner) by extension 'ignore'
[0.232s] Level 1:colcon.colcon_core.package_identification:_identify(local_path_planner) by extension 'ignore_ament_install'
[0.232s] Level 1:colcon.colcon_core.package_identification:_identify(local_path_planner) by extensions ['colcon_pkg']
[0.232s] Level 1:colcon.colcon_core.package_identification:_identify(local_path_planner) by extension 'colcon_pkg'
[0.232s] Level 1:colcon.colcon_core.package_identification:_identify(local_path_planner) by extensions ['colcon_meta']
[0.232s] Level 1:colcon.colcon_core.package_identification:_identify(local_path_planner) by extension 'colcon_meta'
[0.232s] Level 1:colcon.colcon_core.package_identification:_identify(local_path_planner) by extensions ['ros']
[0.232s] Level 1:colcon.colcon_core.package_identification:_identify(local_path_planner) by extension 'ros'
[0.233s] DEBUG:colcon.colcon_core.package_identification:Package 'local_path_planner' with type 'ros.ament_cmake' and name 'teamb_local_path_planner'
[0.233s] Level 1:colcon.colcon_core.package_identification:_identify(localizer) by extensions ['ignore', 'ignore_ament_install']
[0.233s] Level 1:colcon.colcon_core.package_identification:_identify(localizer) by extension 'ignore'
[0.233s] Level 1:colcon.colcon_core.package_identification:_identify(localizer) by extension 'ignore_ament_install'
[0.233s] Level 1:colcon.colcon_core.package_identification:_identify(localizer) by extensions ['colcon_pkg']
[0.234s] Level 1:colcon.colcon_core.package_identification:_identify(localizer) by extension 'colcon_pkg'
[0.234s] Level 1:colcon.colcon_core.package_identification:_identify(localizer) by extensions ['colcon_meta']
[0.234s] Level 1:colcon.colcon_core.package_identification:_identify(localizer) by extension 'colcon_meta'
[0.234s] Level 1:colcon.colcon_core.package_identification:_identify(localizer) by extensions ['ros']
[0.234s] Level 1:colcon.colcon_core.package_identification:_identify(localizer) by extension 'ros'
[0.235s] DEBUG:colcon.colcon_core.package_identification:Package 'localizer' with type 'ros.ament_cmake' and name 'teamb_localizer'
[0.235s] Level 1:colcon.colcon_core.package_identification:_identify(log) by extensions ['ignore', 'ignore_ament_install']
[0.235s] Level 1:colcon.colcon_core.package_identification:_identify(log) by extension 'ignore'
[0.235s] Level 1:colcon.colcon_core.package_identification:_identify(log) ignored
[0.235s] Level 1:colcon.colcon_core.package_identification:_identify(obstacle_detector) by extensions ['ignore', 'ignore_ament_install']
[0.235s] Level 1:colcon.colcon_core.package_identification:_identify(obstacle_detector) by extension 'ignore'
[0.235s] Level 1:colcon.colcon_core.package_identification:_identify(obstacle_detector) by extension 'ignore_ament_install'
[0.235s] Level 1:colcon.colcon_core.package_identification:_identify(obstacle_detector) by extensions ['colcon_pkg']
[0.235s] Level 1:colcon.colcon_core.package_identification:_identify(obstacle_detector) by extension 'colcon_pkg'
[0.235s] Level 1:colcon.colcon_core.package_identification:_identify(obstacle_detector) by extensions ['colcon_meta']
[0.235s] Level 1:colcon.colcon_core.package_identification:_identify(obstacle_detector) by extension 'colcon_meta'
[0.235s] Level 1:colcon.colcon_core.package_identification:_identify(obstacle_detector) by extensions ['ros']
[0.235s] Level 1:colcon.colcon_core.package_identification:_identify(obstacle_detector) by extension 'ros'
[0.236s] DEBUG:colcon.colcon_core.package_identification:Package 'obstacle_detector' with type 'ros.ament_cmake' and name 'obstacle_detector'
[0.236s] Level 1:colcon.colcon_core.package_discovery:discover_packages(recursive) using defaults
[0.236s] Level 1:colcon.colcon_core.package_discovery:discover_packages(ignore) discover
[0.236s] Level 1:colcon.colcon_core.package_discovery:discover_packages(ignore) using defaults
[0.236s] Level 1:colcon.colcon_core.package_discovery:discover_packages(path) discover
[0.236s] Level 1:colcon.colcon_core.package_discovery:discover_packages(path) using defaults
