[0.106s] DEBUG:colcon:Command line arguments: ['/usr/bin/colcon', 'build', '--symlink-install', '--cmake-args', '-DCMAKE_BUILD_TYPE=RelWithDebInfo', '--event-handlers', 'console_direct+', '--packages-select', 'chibi25_b']
[0.106s] DEBUG:colcon:Parsed command line arguments: Namespace(log_base=None, log_level=None, verb_name='build', build_base='build', install_base='install', merge_install=False, symlink_install=True, test_result_base=None, continue_on_error=False, executor='parallel', parallel_workers=12, event_handlers=['console_direct+'], ignore_user_meta=False, metas=['./colcon.meta'], base_paths=['.'], packages_ignore=None, packages_ignore_regex=None, paths=None, packages_up_to=None, packages_up_to_regex=None, packages_above=None, packages_above_and_dependencies=None, packages_above_depth=None, packages_select_by_dep=None, packages_skip_by_dep=None, packages_skip_up_to=None, packages_select_build_failed=False, packages_skip_build_finished=False, packages_select_test_failures=False, packages_skip_test_passed=False, packages_select=['chibi25_b'], packages_skip=None, packages_select_regex=None, packages_skip_regex=None, packages_start=None, packages_end=None, cmake_args=['-DCMAKE_BUILD_TYPE=RelWithDebInfo'], cmake_target=None, cmake_target_skip_unavailable=False, cmake_clean_cache=False, cmake_clean_first=False, cmake_force_configure=False, ament_cmake_args=None, catkin_cmake_args=None, catkin_skip_building_tests=False, mixin_files=None, mixin=None, verb_parser=<colcon_mixin.mixin.mixin_argument.MixinArgumentDecorator object at 0x7f0d82adc1f0>, verb_extension=<colcon_core.verb.build.BuildVerb object at 0x7f0d82c49a80>, main=<bound method BuildVerb.main of <colcon_core.verb.build.BuildVerb object at 0x7f0d82c49a80>>, mixin_verb=('build',))
[0.258s] Level 1:colcon.colcon_core.package_discovery:discover_packages(colcon_meta) check parameters
[0.259s] Level 1:colcon.colcon_core.package_discovery:discover_packages(recursive) check parameters
[0.259s] Level 1:colcon.colcon_core.package_discovery:discover_packages(ignore) check parameters
[0.259s] Level 1:colcon.colcon_core.package_discovery:discover_packages(path) check parameters
[0.259s] Level 1:colcon.colcon_core.package_discovery:discover_packages(colcon_meta) discover
[0.259s] Level 1:colcon.colcon_core.package_discovery:discover_packages(recursive) discover
[0.259s] INFO:colcon.colcon_core.package_discovery:Crawling recursively for packages in '/home/user/ws/src/chibi25_b'
[0.259s] Level 1:colcon.colcon_core.package_identification:_identify(.) by extensions ['ignore', 'ignore_ament_install']
[0.259s] Level 1:colcon.colcon_core.package_identification:_identify(.) by extension 'ignore'
[0.259s] Level 1:colcon.colcon_core.package_identification:_identify(.) by extension 'ignore_ament_install'
[0.259s] Level 1:colcon.colcon_core.package_identification:_identify(.) by extensions ['colcon_pkg']
[0.259s] Level 1:colcon.colcon_core.package_identification:_identify(.) by extension 'colcon_pkg'
[0.259s] Level 1:colcon.colcon_core.package_identification:_identify(.) by extensions ['colcon_meta']
[0.259s] Level 1:colcon.colcon_core.package_identification:_identify(.) by extension 'colcon_meta'
[0.260s] Level 1:colcon.colcon_core.package_identification:_identify(.) by extensions ['ros']
[0.260s] Level 1:colcon.colcon_core.package_identification:_identify(.) by extension 'ros'
[0.278s] Level 1:colcon.colcon_core.package_identification:_identify(.) by extensions ['cmake', 'python']
[0.278s] Level 1:colcon.colcon_core.package_identification:_identify(.) by extension 'cmake'
[0.278s] Level 1:colcon.colcon_core.package_identification:_identify(.) by extension 'python'
[0.278s] Level 1:colcon.colcon_core.package_identification:_identify(.) by extensions ['python_setup_py']
[0.278s] Level 1:colcon.colcon_core.package_identification:_identify(.) by extension 'python_setup_py'
[0.278s] Level 1:colcon.colcon_core.package_identification:_identify(build) by extensions ['ignore', 'ignore_ament_install']
[0.278s] Level 1:colcon.colcon_core.package_identification:_identify(build) by extension 'ignore'
[0.278s] Level 1:colcon.colcon_core.package_identification:_identify(build) ignored
[0.278s] Level 1:colcon.colcon_core.package_identification:_identify(global_path_planner) by extensions ['ignore', 'ignore_ament_install']
[0.278s] Level 1:colcon.colcon_core.package_identification:_identify(global_path_planner) by extension 'ignore'
[0.279s] Level 1:colcon.colcon_core.package_identification:_identify(global_path_planner) by extension 'ignore_ament_install'
[0.279s] Level 1:colcon.colcon_core.package_identification:_identify(global_path_planner) by extensions ['colcon_pkg']
[0.279s] Level 1:colcon.colcon_core.package_identification:_identify(global_path_planner) by extension 'colcon_pkg'
[0.279s] Level 1:colcon.colcon_core.package_identification:_identify(global_path_planner) by extensions ['colcon_meta']
[0.279s] Level 1:colcon.colcon_core.package_identification:_identify(global_path_planner) by extension 'colcon_meta'
[0.279s] Level 1:colcon.colcon_core.package_identification:_identify(global_path_planner) by extensions ['ros']
[0.279s] Level 1:colcon.colcon_core.package_identification:_identify(global_path_planner) by extension 'ros'
[0.282s] DEBUG:colcon.colcon_core.package_identification:Package 'global_path_planner' with type 'ros.ament_cmake' and name 'teamb_global_path_planner'
[0.282s] Level 1:colcon.colcon_core.package_identification:_identify(install) by extensions ['ignore', 'ignore_ament_install']
[0.282s] Level 1:colcon.colcon_core.package_identification:_identify(install) by extension 'ignore'
[0.283s] Level 1:colcon.colcon_core.package_identification:_identify(install) ignored
[0.283s] Level 1:colcon.colcon_core.package_identification:_identify(local_goal_creator) by extensions ['ignore', 'ignore_ament_install']
[0.283s] Level 1:colcon.colcon_core.package_identification:_identify(local_goal_creator) by extension 'ignore'
[0.283s] Level 1:colcon.colcon_core.package_identification:_identify(local_goal_creator) by extension 'ignore_ament_install'
[0.283s] Level 1:colcon.colcon_core.package_identification:_identify(local_goal_creator) by extensions ['colcon_pkg']
[0.284s] Level 1:colcon.colcon_core.package_identification:_identify(local_goal_creator) by extension 'colcon_pkg'
[0.284s] Level 1:colcon.colcon_core.package_identification:_identify(local_goal_creator) by extensions ['colcon_meta']
[0.284s] Level 1:colcon.colcon_core.package_identification:_identify(local_goal_creator) by extension 'colcon_meta'
[0.284s] Level 1:colcon.colcon_core.package_identification:_identify(local_goal_creator) by extensions ['ros']
[0.284s] Level 1:colcon.colcon_core.package_identification:_identify(local_goal_creator) by extension 'ros'
[0.286s] DEBUG:colcon.colcon_core.package_identification:Package 'local_goal_creator' with type 'ros.ament_cmake' and name 'team_local_goal_creator'
[0.286s] Level 1:colcon.colcon_core.package_identification:_identify(local_map_creator) by extensions ['ignore', 'ignore_ament_install']
[0.286s] Level 1:colcon.colcon_core.package_identification:_identify(local_map_creator) by extension 'ignore'
[0.286s] Level 1:colcon.colcon_core.package_identification:_identify(local_map_creator) by extension 'ignore_ament_install'
[0.286s] Level 1:colcon.colcon_core.package_identification:_identify(local_map_creator) by extensions ['colcon_pkg']
[0.286s] Level 1:colcon.colcon_core.package_identification:_identify(local_map_creator) by extension 'colcon_pkg'
[0.286s] Level 1:colcon.colcon_core.package_identification:_identify(local_map_creator) by extensions ['colcon_meta']
[0.286s] Level 1:colcon.colcon_core.package_identification:_identify(local_map_creator) by extension 'colcon_meta'
[0.286s] Level 1:colcon.colcon_core.package_identification:_identify(local_map_creator) by extensions ['ros']
[0.286s] Level 1:colcon.colcon_core.package_identification:_identify(local_map_creator) by extension 'ros'
[0.287s] DEBUG:colcon.colcon_core.package_identification:Package 'local_map_creator' with type 'ros.ament_cmake' and name 'local_map_creator'
[0.287s] Level 1:colcon.colcon_core.package_identification:_identify(local_path_planner) by extensions ['ignore', 'ignore_ament_install']
[0.287s] Level 1:colcon.colcon_core.package_identification:_identify(local_path_planner) by extension 'ignore'
[0.287s] Level 1:colcon.colcon_core.package_identification:_identify(local_path_planner) by extension 'ignore_ament_install'
[0.288s] Level 1:colcon.colcon_core.package_identification:_identify(local_path_planner) by extensions ['colcon_pkg']
[0.288s] Level 1:colcon.colcon_core.package_identification:_identify(local_path_planner) by extension 'colcon_pkg'
[0.288s] Level 1:colcon.colcon_core.package_identification:_identify(local_path_planner) by extensions ['colcon_meta']
[0.288s] Level 1:colcon.colcon_core.package_identification:_identify(local_path_planner) by extension 'colcon_meta'
[0.288s] Level 1:colcon.colcon_core.package_identification:_identify(local_path_planner) by extensions ['ros']
[0.288s] Level 1:colcon.colcon_core.package_identification:_identify(local_path_planner) by extension 'ros'
[0.289s] DEBUG:colcon.colcon_core.package_identification:Package 'local_path_planner' with type 'ros.ament_cmake' and name 'team_local_path_planner'
[0.289s] Level 1:colcon.colcon_core.package_identification:_identify(localizer) by extensions ['ignore', 'ignore_ament_install']
[0.289s] Level 1:colcon.colcon_core.package_identification:_identify(localizer) by extension 'ignore'
[0.289s] Level 1:colcon.colcon_core.package_identification:_identify(localizer) by extension 'ignore_ament_install'
[0.289s] Level 1:colcon.colcon_core.package_identification:_identify(localizer) by extensions ['colcon_pkg']
[0.289s] Level 1:colcon.colcon_core.package_identification:_identify(localizer) by extension 'colcon_pkg'
[0.289s] Level 1:colcon.colcon_core.package_identification:_identify(localizer) by extensions ['colcon_meta']
[0.289s] Level 1:colcon.colcon_core.package_identification:_identify(localizer) by extension 'colcon_meta'
[0.289s] Level 1:colcon.colcon_core.package_identification:_identify(localizer) by extensions ['ros']
[0.289s] Level 1:colcon.colcon_core.package_identification:_identify(localizer) by extension 'ros'
[0.291s] DEBUG:colcon.colcon_core.package_identification:Package 'localizer' with type 'ros.ament_cmake' and name 'teamb_localizer'
[0.291s] Level 1:colcon.colcon_core.package_identification:_identify(log) by extensions ['ignore', 'ignore_ament_install']
[0.291s] Level 1:colcon.colcon_core.package_identification:_identify(log) by extension 'ignore'
[0.291s] Level 1:colcon.colcon_core.package_identification:_identify(log) ignored
[0.291s] Level 1:colcon.colcon_core.package_identification:_identify(obstacle_detector) by extensions ['ignore', 'ignore_ament_install']
[0.291s] Level 1:colcon.colcon_core.package_identification:_identify(obstacle_detector) by extension 'ignore'
[0.292s] Level 1:colcon.colcon_core.package_identification:_identify(obstacle_detector) by extension 'ignore_ament_install'
[0.292s] Level 1:colcon.colcon_core.package_identification:_identify(obstacle_detector) by extensions ['colcon_pkg']
[0.292s] Level 1:colcon.colcon_core.package_identification:_identify(obstacle_detector) by extension 'colcon_pkg'
[0.293s] Level 1:colcon.colcon_core.package_identification:_identify(obstacle_detector) by extensions ['colcon_meta']
[0.293s] Level 1:colcon.colcon_core.package_identification:_identify(obstacle_detector) by extension 'colcon_meta'
[0.293s] Level 1:colcon.colcon_core.package_identification:_identify(obstacle_detector) by extensions ['ros']
[0.293s] Level 1:colcon.colcon_core.package_identification:_identify(obstacle_detector) by extension 'ros'
[0.295s] DEBUG:colcon.colcon_core.package_identification:Package 'obstacle_detector' with type 'ros.ament_cmake' and name 'teamb_obstacle_detector'
[0.295s] Level 1:colcon.colcon_core.package_discovery:discover_packages(recursive) using defaults
[0.295s] Level 1:colcon.colcon_core.package_discovery:discover_packages(ignore) discover
[0.295s] Level 1:colcon.colcon_core.package_discovery:discover_packages(ignore) using defaults
[0.295s] Level 1:colcon.colcon_core.package_discovery:discover_packages(path) discover
[0.295s] Level 1:colcon.colcon_core.package_discovery:discover_packages(path) using defaults
[0.295s] WARNING:colcon.colcon_core.package_selection:ignoring unknown package 'chibi25_b' in --packages-select
[0.320s] INFO:colcon.colcon_core.package_selection:Skipping not selected package 'local_map_creator' in 'local_map_creator'
[0.320s] INFO:colcon.colcon_core.package_selection:Skipping not selected package 'team_local_goal_creator' in 'local_goal_creator'
[0.320s] INFO:colcon.colcon_core.package_selection:Skipping not selected package 'team_local_path_planner' in 'local_path_planner'
[0.320s] INFO:colcon.colcon_core.package_selection:Skipping not selected package 'teamb_global_path_planner' in 'global_path_planner'
[0.320s] INFO:colcon.colcon_core.package_selection:Skipping not selected package 'teamb_localizer' in 'localizer'
[0.320s] INFO:colcon.colcon_core.package_selection:Skipping not selected package 'teamb_obstacle_detector' in 'obstacle_detector'
[0.320s] INFO:colcon.colcon_core.executor:Executing jobs using 'parallel' executor
[0.322s] DEBUG:colcon.colcon_parallel_executor.executor.parallel:run_until_complete
[0.322s] DEBUG:colcon.colcon_parallel_executor.executor.parallel:closing loop
[0.322s] DEBUG:colcon.colcon_parallel_executor.executor.parallel:loop closed
[0.322s] DEBUG:colcon.colcon_parallel_executor.executor.parallel:run_until_complete finished with '0'
[0.322s] DEBUG:colcon.colcon_core.event_reactor:joining thread
[0.329s] INFO:colcon.colcon_core.plugin_system:Skipping extension 'colcon_notification.desktop_notification.notify_send': Could not find 'notify-send'
[0.329s] INFO:colcon.colcon_core.plugin_system:Skipping extension 'colcon_notification.desktop_notification.terminal_notifier': Not used on non-Darwin systems
[0.329s] INFO:colcon.colcon_core.plugin_system:Skipping extension 'colcon_notification.desktop_notification.win32': Not used on non-Windows systems
[0.329s] INFO:colcon.colcon_notification.desktop_notification:Sending desktop notification using 'notify2'
[0.332s] DEBUG:colcon.colcon_notification.desktop_notification.notify2:Failed to initialize notify2: org.freedesktop.DBus.Error.Spawn.ExecFailed: /usr/bin/dbus-launch terminated abnormally without any error message
[0.332s] DEBUG:colcon.colcon_core.event_reactor:joined thread
[0.335s] INFO:colcon.colcon_core.plugin_system:Skipping extension 'colcon_core.shell.bat': Not used on non-Windows systems
[0.335s] INFO:colcon.colcon_core.shell:Creating prefix script '/home/user/ws/src/chibi25_b/install/local_setup.ps1'
[0.336s] INFO:colcon.colcon_core.shell:Creating prefix util module '/home/user/ws/src/chibi25_b/install/_local_setup_util_ps1.py'
[0.338s] INFO:colcon.colcon_core.shell:Creating prefix chain script '/home/user/ws/src/chibi25_b/install/setup.ps1'
[0.341s] INFO:colcon.colcon_core.shell:Creating prefix script '/home/user/ws/src/chibi25_b/install/local_setup.sh'
[0.342s] INFO:colcon.colcon_core.shell:Creating prefix util module '/home/user/ws/src/chibi25_b/install/_local_setup_util_sh.py'
[0.343s] INFO:colcon.colcon_core.shell:Creating prefix chain script '/home/user/ws/src/chibi25_b/install/setup.sh'
[0.344s] INFO:colcon.colcon_core.shell:Creating prefix script '/home/user/ws/src/chibi25_b/install/local_setup.bash'
[0.345s] INFO:colcon.colcon_core.shell:Creating prefix chain script '/home/user/ws/src/chibi25_b/install/setup.bash'
[0.346s] INFO:colcon.colcon_core.shell:Creating prefix script '/home/user/ws/src/chibi25_b/install/local_setup.zsh'
[0.347s] INFO:colcon.colcon_core.shell:Creating prefix chain script '/home/user/ws/src/chibi25_b/install/setup.zsh'
