[01m[K/home/user/ws/src/chibi25_b/global_path_planner/src/global_path_planner.cpp:[m[K In constructor ‘[01m[KAstar::Astar()[m[K’:
[01m[K/home/user/ws/src/chibi25_b/global_path_planner/src/global_path_planner.cpp:10:5:[m[K [01;31m[Kerror: [m[K‘[01m[Krobot_radius_[m[K’ was not declared in this scope
   10 |     [01;31m[Krobot_radius_[m[K = this->declare_parameter<double>("robot_radius",0.3);
      |     [01;31m[K^~~~~~~~~~~~~[m[K
[01m[K/home/user/ws/src/chibi25_b/global_path_planner/src/global_path_planner.cpp:[m[K At global scope:
[01m[K/home/user/ws/src/chibi25_b/global_path_planner/src/global_path_planner.cpp:38:6:[m[K [01;31m[Kerror: [m[Kno declaration matches ‘[01m[Kvoid Astar::map_callback(nav_msgs::msg::OccupancyGrid)[m[K’
   38 | void [01;31m[KAstar[m[K::map_callback(const nav_msgs::msg::OccupancyGrid msg)  //マップの読み込み
      |      [01;31m[K^~~~~[m[K
In file included from [01m[K/home/user/ws/src/chibi25_b/global_path_planner/src/global_path_planner.cpp:1[m[K:
[01m[K/home/user/ws/src/chibi25_b/global_path_planner/include/global_path_planner/global_path_planner.hpp:43:10:[m[K [01;36m[Knote: [m[Kcandidate is: ‘[01m[Kvoid Astar::map_callback(nav_msgs::msg::OccupancyGrid_<std::allocator<void> >::SharedPtr)[m[K’
   43 |     void [01;36m[Kmap_callback[m[K(const nav_msgs::msg::OccupancyGrid::SharedPtr msg);  // マップデータを受信し処理
      |          [01;36m[K^~~~~~~~~~~~[m[K
[01m[K/home/user/ws/src/chibi25_b/global_path_planner/include/global_path_planner/global_path_planner.hpp:37:7:[m[K [01;36m[Knote: [m[K‘[01m[Kclass Astar[m[K’ defined here
   37 | class [01;36m[KAstar[m[K : public rclcpp::Node {
      |       [01;36m[K^~~~~[m[K
[01m[K/home/user/ws/src/chibi25_b/global_path_planner/src/global_path_planner.cpp:[m[K In member function ‘[01m[Kvoid Astar::obs_expander()[m[K’:
[01m[K/home/user/ws/src/chibi25_b/global_path_planner/src/global_path_planner.cpp:53:10:[m[K [01;31m[Kerror: [m[K‘[01m[Kmap_received_[m[K’ was not declared in this scope
   53 |     if (![01;31m[Kmap_received_[m[K) {
      |          [01;31m[K^~~~~~~~~~~~~[m[K
[01m[K/home/user/ws/src/chibi25_b/global_path_planner/src/global_path_planner.cpp:62:48:[m[K [01;31m[Kerror: [m[K‘[01m[Krobot_radius_[m[K’ was not declared in this scope
   62 |     margin_length = static_cast<int>(std::ceil([01;31m[Krobot_radius_[m[K / resolution_));  // セル単位の拡張範囲
      |                                                [01;31m[K^~~~~~~~~~~~~[m[K
[01m[K/home/user/ws/src/chibi25_b/global_path_planner/src/global_path_planner.cpp:66:34:[m[K [01;31m[Kerror: [m[Koverloaded function with no contextual type information
   66 |             index = y * width_ + [01;31m[Kx[m[K;
      |                                  [01;31m[K^[m[K
[01m[K/home/user/ws/src/chibi25_b/global_path_planner/src/global_path_planner.cpp:68:27:[m[K [01;31m[Kerror: [m[Kno matching function for call to ‘[01m[KAstar::obs_expand(<unresolved overloaded function type>, std::vector<signed char, std::allocator<signed char> >&)[m[K’
   68 |                 [01;31m[Kobs_expand(index, new_map_data)[m[K;
      |                 [01;31m[K~~~~~~~~~~^~~~~~~~~~~~~~~~~~~~~[m[K
In file included from [01m[K/home/user/ws/src/chibi25_b/global_path_planner/src/global_path_planner.cpp:1[m[K:
[01m[K/home/user/ws/src/chibi25_b/global_path_planner/include/global_path_planner/global_path_planner.hpp:46:10:[m[K [01;36m[Knote: [m[Kcandidate: ‘[01m[Kvoid Astar::obs_expand(int)[m[K’
   46 |     void [01;36m[Kobs_expand[m[K(const int index);                // 指定されたインデックスの障害物を拡張
      |          [01;36m[K^~~~~~~~~~[m[K
[01m[K/home/user/ws/src/chibi25_b/global_path_planner/include/global_path_planner/global_path_planner.hpp:46:10:[m[K [01;36m[Knote: [m[K  candidate expects 1 argument, 2 provided
[01m[K/home/user/ws/src/chibi25_b/global_path_planner/src/global_path_planner.cpp:[m[K At global scope:
[01m[K/home/user/ws/src/chibi25_b/global_path_planner/src/global_path_planner.cpp:82:6:[m[K [01;31m[Kerror: [m[Kno declaration matches ‘[01m[Kvoid Astar::obs_expand(int, std::vector<signed char, std::allocator<signed char> >)[m[K’
   82 | void [01;31m[KAstar[m[K::obs_expand(const int index,std::vector<int8_t> new_map_data)
      |      [01;31m[K^~~~~[m[K
In file included from [01m[K/home/user/ws/src/chibi25_b/global_path_planner/src/global_path_planner.cpp:1[m[K:
[01m[K/home/user/ws/src/chibi25_b/global_path_planner/include/global_path_planner/global_path_planner.hpp:46:10:[m[K [01;36m[Knote: [m[Kcandidate is: ‘[01m[Kvoid Astar::obs_expand(int)[m[K’
   46 |     void [01;36m[Kobs_expand[m[K(const int index);                // 指定されたインデックスの障害物を拡張
      |          [01;36m[K^~~~~~~~~~[m[K
[01m[K/home/user/ws/src/chibi25_b/global_path_planner/include/global_path_planner/global_path_planner.hpp:37:7:[m[K [01;36m[Knote: [m[K‘[01m[Kclass Astar[m[K’ defined here
   37 | class [01;36m[KAstar[m[K : public rclcpp::Node {
      |       [01;36m[K^~~~~[m[K
[01m[K/home/user/ws/src/chibi25_b/global_path_planner/src/global_path_planner.cpp:[m[K In member function ‘[01m[KNode_ Astar::set_way_point(int)[m[K’:
[01m[K/home/user/ws/src/chibi25_b/global_path_planner/src/global_path_planner.cpp:130:43:[m[K [01;31m[Kerror: [m[Kno matching function for call to ‘[01m[KAstar::create_neighbor_nodes(Node_&)[m[K’
  130 |         goal_node_ = [01;31m[Kcreate_neighbor_nodes(start_node_)[m[K;
      |                      [01;31m[K~~~~~~~~~~~~~~~~~~~~~^~~~~~~~~~~~~[m[K
In file included from [01m[K/home/user/ws/src/chibi25_b/global_path_planner/src/global_path_planner.cpp:1[m[K:
[01m[K/home/user/ws/src/chibi25_b/global_path_planner/include/global_path_planner/global_path_planner.hpp:54:10:[m[K [01;36m[Knote: [m[Kcandidate: ‘[01m[Kvoid Astar::create_neighbor_nodes(Node_, std::vector<Node_>&)[m[K’
   54 |     void [01;36m[Kcreate_neighbor_nodes[m[K(const Node_ node, std::vector<Node_>& nodes); // 指定ノードの隣接ノードを作成
      |          [01;36m[K^~~~~~~~~~~~~~~~~~~~~[m[K
[01m[K/home/user/ws/src/chibi25_b/global_path_planner/include/global_path_planner/global_path_planner.hpp:54:10:[m[K [01;36m[Knote: [m[K  candidate expects 2 arguments, 1 provided
[01m[K/home/user/ws/src/chibi25_b/global_path_planner/src/global_path_planner.cpp:137:1:[m[K [01;35m[Kwarning: [m[Kno return statement in function returning non-void [[01;35m[K-Wreturn-type[m[K]
  137 | [01;35m[K}[m[K
      | [01;35m[K^[m[K
[01m[K/home/user/ws/src/chibi25_b/global_path_planner/src/global_path_planner.cpp:[m[K In member function ‘[01m[Kvoid Astar::create_path(Node_)[m[K’:
[01m[K/home/user/ws/src/chibi25_b/global_path_planner/src/global_path_planner.cpp:147:16:[m[K [01;31m[Kerror: [m[K‘[01m[Kstruct Node_[m[K’ has no member named ‘[01m[Kparent[m[K’; did you mean ‘[01m[Kparent_x[m[K’?
  147 |     while(node.[01;31m[Kparent[m[K){
      |                [01;31m[K^~~~~~[m[K
      |                [32m[Kparent_x[m[K
[01m[K/home/user/ws/src/chibi25_b/global_path_planner/src/global_path_planner.cpp:[m[K In member function ‘[01m[KNode_ Astar::select_min_f()[m[K’:
[01m[K/home/user/ws/src/chibi25_b/global_path_planner/src/global_path_planner.cpp:188:34:[m[K [01;31m[Kerror: [m[Kcannot convert ‘[01m[K__gnu_cxx::__normal_iterator<Node_*, std::vector<Node_> >[m[K’ to ‘[01m[Kdouble[m[K’ in assignment
  188 |     smallest_f = [01;31m[Kstd::min_element(open_list_.begin(),open_list_.end(), [](const Node_& a, const Node_& b){[m[K
      |                  [01;31m[K~~~~~~~~~~~~~~~~^~~~~~~~~~~~~~~~~~~~~~~~~~~~~~~~~~~~~~~~~~~~~~~~~~~~~~~~~~~~~~~~~~~~~~~~~[m[K
      |                                  [01;31m[K|[m[K
      |                                  [01;31m[K__gnu_cxx::__normal_iterator<Node_*, std::vector<Node_> >[m[K
  189 | [01;31m[K        return a.f < b.f;[m[K
      |         [01;31m[K~~~~~~~~~~~~~~~~~[m[K         
  190 | [01;31m[K    })[m[K;//min_elementは比較によって最小値を見つけ出す関数
      |     [01;31m[K~~[m[K                            
[01m[K/home/user/ws/src/chibi25_b/global_path_planner/src/global_path_planner.cpp:191:1:[m[K [01;35m[Kwarning: [m[Kno return statement in function returning non-void [[01;35m[K-Wreturn-type[m[K]
  191 | [01;35m[K}[m[K
      | [01;35m[K^[m[K
[01m[K/home/user/ws/src/chibi25_b/global_path_planner/src/global_path_planner.cpp:[m[K In member function ‘[01m[Kint Astar::check_list(Node_, std::vector<Node_>&)[m[K’:
[01m[K/home/user/ws/src/chibi25_b/global_path_planner/src/global_path_planner.cpp:215:32:[m[K [01;31m[Kerror: [m[K‘[01m[Klist[m[K’ was not declared in this scope
  215 |     auto result = std::find_if([01;31m[Klist[m[K.begin(),list.end(), [](const Node_& n){
      |                                [01;31m[K^~~~[m[K
[01m[K/home/user/ws/src/chibi25_b/global_path_planner/src/global_path_planner.cpp:215:32:[m[K [01;36m[Knote: [m[Ksuggested alternatives:
In file included from [01m[K/usr/include/c++/11/list:63[m[K,
                 from [01m[K/opt/ros/humble/include/rclcpp/rclcpp/executor.hpp:23[m[K,
                 from [01m[K/opt/ros/humble/include/rclcpp/rclcpp/executors/multi_threaded_executor.hpp:25[m[K,
                 from [01m[K/opt/ros/humble/include/rclcpp/rclcpp/executors.hpp:21[m[K,
                 from [01m[K/opt/ros/humble/include/rclcpp/rclcpp/rclcpp.hpp:155[m[K,
                 from [01m[K/home/user/ws/src/chibi25_b/global_path_planner/include/global_path_planner/global_path_planner.hpp:4[m[K,
                 from [01m[K/home/user/ws/src/chibi25_b/global_path_planner/src/global_path_planner.cpp:1[m[K:
[01m[K/usr/include/c++/11/bits/stl_list.h:557:11:[m[K [01;36m[Knote: [m[K  ‘[01m[Kstd::__cxx11::list[m[K’
  557 |     class [01;36m[Klist[m[K : protected _List_base<_Tp, _Alloc>
      |           [01;36m[K^~~~[m[K
In file included from [01m[K/opt/ros/humble/include/rclcpp/rclcpp/executor.hpp:23[m[K,
                 from [01m[K/opt/ros/humble/include/rclcpp/rclcpp/executors/multi_threaded_executor.hpp:25[m[K,
                 from [01m[K/opt/ros/humble/include/rclcpp/rclcpp/executors.hpp:21[m[K,
                 from [01m[K/opt/ros/humble/include/rclcpp/rclcpp/rclcpp.hpp:155[m[K,
                 from [01m[K/home/user/ws/src/chibi25_b/global_path_planner/include/global_path_planner/global_path_planner.hpp:4[m[K,
                 from [01m[K/home/user/ws/src/chibi25_b/global_path_planner/src/global_path_planner.cpp:1[m[K:
[01m[K/usr/include/c++/11/list:78:13:[m[K [01;36m[Knote: [m[K  ‘[01m[Kstd::pmr::list[m[K’
   78 |       using [01;36m[Klist[m[K = std::list<_Tp, polymorphic_allocator<_Tp>>;
      |             [01;36m[K^~~~[m[K
[01m[K/home/user/ws/src/chibi25_b/global_path_planner/src/global_path_planner.cpp:[m[K In lambda function:
[01m[K/home/user/ws/src/chibi25_b/global_path_planner/src/global_path_planner.cpp:216:34:[m[K [01;31m[Kerror: [m[K‘[01m[Knode[m[K’ was not declared in this scope; did you mean ‘[01m[KNode[m[K’?
  216 |         return check_same_node(n,[01;31m[Knode[m[K);//同じノードを探す
      |                                  [01;31m[K^~~~[m[K
      |                                  [32m[KNode[m[K
[01m[K/home/user/ws/src/chibi25_b/global_path_planner/src/global_path_planner.cpp:[m[K In member function ‘[01m[Kvoid Astar::swap_node(Node_, std::vector<Node_>&, std::vector<Node_>&)[m[K’:
[01m[K/home/user/ws/src/chibi25_b/global_path_planner/src/global_path_planner.cpp:231:21:[m[K [01;31m[Kerror: [m[Kinvalid type argument of unary ‘[01m[K*[m[K’ (have ‘[01m[Kint[m[K’)
  231 |     list2.push_back([01;31m[K*result[m[K);//見つけたノードをlist2の末尾に追加
      |                     [01;31m[K^~~~~~~[m[K
[01m[K/home/user/ws/src/chibi25_b/global_path_planner/src/global_path_planner.cpp:232:16:[m[K [01;31m[Kerror: [m[Kno matching function for call to ‘[01m[Kstd::vector<Node_>::erase(int&)[m[K’
  232 |     [01;31m[Klist1.erase(result)[m[K;//list2から指定のノードを削除
      |     [01;31m[K~~~~~~~~~~~^~~~~~~~[m[K
In file included from [01m[K/usr/include/c++/11/vector:67[m[K,
                 from [01m[K/usr/include/c++/11/functional:62[m[K,
                 from [01m[K/usr/include/c++/11/pstl/glue_algorithm_defs.h:13[m[K,
                 from [01m[K/usr/include/c++/11/algorithm:74[m[K,
                 from [01m[K/opt/ros/humble/include/rclcpp/rclcpp/executor.hpp:18[m[K,
                 from [01m[K/opt/ros/humble/include/rclcpp/rclcpp/executors/multi_threaded_executor.hpp:25[m[K,
                 from [01m[K/opt/ros/humble/include/rclcpp/rclcpp/executors.hpp:21[m[K,
                 from [01m[K/opt/ros/humble/include/rclcpp/rclcpp/rclcpp.hpp:155[m[K,
                 from [01m[K/home/user/ws/src/chibi25_b/global_path_planner/include/global_path_planner/global_path_planner.hpp:4[m[K,
                 from [01m[K/home/user/ws/src/chibi25_b/global_path_planner/src/global_path_planner.cpp:1[m[K:
[01m[K/usr/include/c++/11/bits/stl_vector.h:1430:7:[m[K [01;36m[Knote: [m[Kcandidate: ‘[01m[Kstd::vector<_Tp, _Alloc>::iterator std::vector<_Tp, _Alloc>::erase(std::vector<_Tp, _Alloc>::const_iterator) [with _Tp = Node_; _Alloc = std::allocator<Node_>; std::vector<_Tp, _Alloc>::iterator = std::vector<Node_>::iterator; std::vector<_Tp, _Alloc>::const_iterator = std::vector<Node_>::const_iterator][m[K’
 1430 |       [01;36m[Kerase[m[K(const_iterator __position)
      |       [01;36m[K^~~~~[m[K
[01m[K/usr/include/c++/11/bits/stl_vector.h:1430:28:[m[K [01;36m[Knote: [m[K  no known conversion for argument 1 from ‘[01m[Kint[m[K’ to ‘[01m[Kstd::vector<Node_>::const_iterator[m[K’
 1430 |       erase([01;36m[Kconst_iterator __position[m[K)
      |             [01;36m[K~~~~~~~~~~~~~~~^~~~~~~~~~[m[K
[01m[K/usr/include/c++/11/bits/stl_vector.h:1457:7:[m[K [01;36m[Knote: [m[Kcandidate: ‘[01m[Kstd::vector<_Tp, _Alloc>::iterator std::vector<_Tp, _Alloc>::erase(std::vector<_Tp, _Alloc>::const_iterator, std::vector<_Tp, _Alloc>::const_iterator) [with _Tp = Node_; _Alloc = std::allocator<Node_>; std::vector<_Tp, _Alloc>::iterator = std::vector<Node_>::iterator; std::vector<_Tp, _Alloc>::const_iterator = std::vector<Node_>::const_iterator][m[K’
 1457 |       [01;36m[Kerase[m[K(const_iterator __first, const_iterator __last)
      |       [01;36m[K^~~~~[m[K
[01m[K/usr/include/c++/11/bits/stl_vector.h:1457:7:[m[K [01;36m[Knote: [m[K  candidate expects 2 arguments, 1 provided
[01m[K/home/user/ws/src/chibi25_b/global_path_planner/src/global_path_planner.cpp:[m[K In member function ‘[01m[Kbool Astar::check_obs(Node_)[m[K’:
[01m[K/home/user/ws/src/chibi25_b/global_path_planner/src/global_path_planner.cpp:240:36:[m[K [01;31m[Kerror: [m[Koverloaded function with no contextual type information
  240 |     index = node.y * width_ + node.[01;31m[Kx[m[K;
      |                                    [01;31m[K^[m[K
[01m[K/home/user/ws/src/chibi25_b/global_path_planner/src/global_path_planner.cpp:243:15:[m[K [01;31m[Kerror: [m[Kinvalid operands of types ‘[01m[K<unresolved overloaded function type>[m[K’ and ‘[01m[Kint[m[K’ to binary ‘[01m[Koperator<[m[K’
  243 |     if ([01;31m[Kindex < 0[m[K || index >= static_cast<int>(new_map_.data.size())) {
      |         [01;31m[K~~~~~~^~~[m[K
[01m[K/home/user/ws/src/chibi25_b/global_path_planner/src/global_path_planner.cpp:243:28:[m[K [01;31m[Kerror: [m[Kinvalid operands of types ‘[01m[K<unresolved overloaded function type>[m[K’ and ‘[01m[Kint[m[K’ to binary ‘[01m[Koperator>=[m[K’
  243 |     if (index < 0 || [01;31m[Kindex >= static_cast<int>(new_map_.data.size())[m[K) {
      |                      [01;31m[K~~~~~~^~~~~~~~~~~~~~~~~~~~~~~~~~~~~~~~~~~~~~~~~[m[K
[01m[K/home/user/ws/src/chibi25_b/global_path_planner/src/global_path_planner.cpp:248:38:[m[K [01;31m[Kerror: [m[Kno match for ‘[01m[Koperator[][m[K’ (operand types are ‘[01m[Knav_msgs::msg::OccupancyGrid_<std::allocator<void> >::_data_type[m[K’ {aka ‘[01m[Kstd::vector<signed char, std::allocator<signed char> >[m[K’} and ‘[01m[K<unresolved overloaded function type>[m[K’)
  248 |     int8_t cell_value = new_map_.data[01;31m[K[[m[Kindex];//int8_tは符号付整数型
      |                                      [01;31m[K^[m[K
In file included from [01m[K/usr/include/c++/11/vector:67[m[K,
                 from [01m[K/usr/include/c++/11/functional:62[m[K,
                 from [01m[K/usr/include/c++/11/pstl/glue_algorithm_defs.h:13[m[K,
                 from [01m[K/usr/include/c++/11/algorithm:74[m[K,
                 from [01m[K/opt/ros/humble/include/rclcpp/rclcpp/executor.hpp:18[m[K,
                 from [01m[K/opt/ros/humble/include/rclcpp/rclcpp/executors/multi_threaded_executor.hpp:25[m[K,
                 from [01m[K/opt/ros/humble/include/rclcpp/rclcpp/executors.hpp:21[m[K,
                 from [01m[K/opt/ros/humble/include/rclcpp/rclcpp/rclcpp.hpp:155[m[K,
                 from [01m[K/home/user/ws/src/chibi25_b/global_path_planner/include/global_path_planner/global_path_planner.hpp:4[m[K,
                 from [01m[K/home/user/ws/src/chibi25_b/global_path_planner/src/global_path_planner.cpp:1[m[K:
[01m[K/usr/include/c++/11/bits/stl_vector.h:1043:7:[m[K [01;36m[Knote: [m[Kcandidate: ‘[01m[Kstd::vector<_Tp, _Alloc>::reference std::vector<_Tp, _Alloc>::operator[](std::vector<_Tp, _Alloc>::size_type) [with _Tp = signed char; _Alloc = std::allocator<signed char>; std::vector<_Tp, _Alloc>::reference = signed char&; std::vector<_Tp, _Alloc>::size_type = long unsigned int][m[K’
 1043 |       [01;36m[Koperator[m[K[](size_type __n) _GLIBCXX_NOEXCEPT
      |       [01;36m[K^~~~~~~~[m[K
[01m[K/usr/include/c++/11/bits/stl_vector.h:1043:28:[m[K [01;36m[Knote: [m[K  no known conversion for argument 1 from ‘[01m[K<unresolved overloaded function type>[m[K’ to ‘[01m[Kstd::vector<signed char, std::allocator<signed char> >::size_type[m[K’ {aka ‘[01m[Klong unsigned int[m[K’}
 1043 |       operator[]([01;36m[Ksize_type __n[m[K) _GLIBCXX_NOEXCEPT
      |                  [01;36m[K~~~~~~~~~~^~~[m[K
[01m[K/usr/include/c++/11/bits/stl_vector.h:1061:7:[m[K [01;36m[Knote: [m[Kcandidate: ‘[01m[Kstd::vector<_Tp, _Alloc>::const_reference std::vector<_Tp, _Alloc>::operator[](std::vector<_Tp, _Alloc>::size_type) const [with _Tp = signed char; _Alloc = std::allocator<signed char>; std::vector<_Tp, _Alloc>::const_reference = const signed char&; std::vector<_Tp, _Alloc>::size_type = long unsigned int][m[K’
 1061 |       [01;36m[Koperator[m[K[](size_type __n) const _GLIBCXX_NOEXCEPT
      |       [01;36m[K^~~~~~~~[m[K
[01m[K/usr/include/c++/11/bits/stl_vector.h:1061:28:[m[K [01;36m[Knote: [m[K  no known conversion for argument 1 from ‘[01m[K<unresolved overloaded function type>[m[K’ to ‘[01m[Kstd::vector<signed char, std::allocator<signed char> >::size_type[m[K’ {aka ‘[01m[Klong unsigned int[m[K’}
 1061 |       operator[]([01;36m[Ksize_type __n[m[K) const _GLIBCXX_NOEXCEPT
      |                  [01;36m[K~~~~~~~~~~^~~[m[K
[01m[K/home/user/ws/src/chibi25_b/global_path_planner/src/global_path_planner.cpp:[m[K In member function ‘[01m[Kvoid Astar::update_list(Node_)[m[K’:
[01m[K/home/user/ws/src/chibi25_b/global_path_planner/src/global_path_planner.cpp:267:13:[m[K [01;31m[Kerror: [m[K‘[01m[Kclose_list[m[K’ was not declared in this scope; did you mean ‘[01m[Kclose_list_[m[K’?
  267 |         if ([01;31m[Kclose_list[m[K(neighbor)||check_obs(neighbor)){
      |             [01;31m[K^~~~~~~~~~[m[K
      |             [32m[Kclose_list_[m[K
[01m[K/home/user/ws/src/chibi25_b/global_path_planner/src/global_path_planner.cpp:[m[K In member function ‘[01m[KMotion_ Astar::motion(int, int, int)[m[K’:
[01m[K/home/user/ws/src/chibi25_b/global_path_planner/src/global_path_planner.cpp:316:28:[m[K [01;35m[Kwarning: [m[Knarrowing conversion of ‘[01m[K(int)cost[m[K’ from ‘[01m[Kint[m[K’ to ‘[01m[Kdouble[m[K’ [[01;35m[K-Wnarrowing[m[K]
  316 |     return Motion_{dx, dy, [01;35m[Kcost[m[K};
      |                            [01;35m[K^~~~[m[K
[01m[K/home/user/ws/src/chibi25_b/global_path_planner/src/global_path_planner.cpp:[m[K In member function ‘[01m[KNode_ Astar::get_neighbor_node(Node_, Motion_)[m[K’:
[01m[K/home/user/ws/src/chibi25_b/global_path_planner/src/global_path_planner.cpp:325:14:[m[K [01;31m[Kerror: [m[K‘[01m[Kstruct Node_[m[K’ has no member named ‘[01m[Kcost[m[K’
  325 |     neighbor.[01;31m[Kcost[m[K = motion.cost;
      |              [01;31m[K^~~~[m[K
[01m[K/home/user/ws/src/chibi25_b/global_path_planner/src/global_path_planner.cpp:[m[K In member function ‘[01m[Kbool Astar::check_parent(int, Node_)[m[K’:
[01m[K/home/user/ws/src/chibi25_b/global_path_planner/src/global_path_planner.cpp:359:18:[m[K [01;31m[Kerror: [m[Kassignment of read-only parameter ‘[01m[Kindex[m[K’
  359 |     return [01;31m[Kindex = node.parent_y * width_ + node.parent_x[m[K;
      |            [01;31m[K~~~~~~^~~~~~~~~~~~~~~~~~~~~~~~~~~~~~~~~~~~~~~~[m[K
[01m[K/home/user/ws/src/chibi25_b/global_path_planner/src/global_path_planner.cpp:[m[K In lambda function:
[01m[K/home/user/ws/src/chibi25_b/global_path_planner/src/global_path_planner.cpp:371:30:[m[K [01;31m[Kerror: [m[K‘[01m[Knode[m[K’ is not captured
  371 |         if(check_same_node(n,[01;31m[Knode[m[K) == true){
      |                              [01;31m[K^~~~[m[K
[01m[K/home/user/ws/src/chibi25_b/global_path_planner/src/global_path_planner.cpp:370:58:[m[K [01;36m[Knote: [m[Kthe lambda has no capture-default
  370 | uto result = std::find_if(list.begin(),list.end(), [[01;36m[K][m[K(const Node_& n){
      |                                                     [01;36m[K^[m[K

[01m[K/home/user/ws/src/chibi25_b/global_path_planner/src/global_path_planner.cpp:368:46:[m[K [01;36m[Knote: [m[K‘[01m[Kconst Node_ node[m[K’ declared here
  368 | int Astar::search_node_from_list([01;36m[Kconst Node_ node[m[K, std::vector<Node_>& list)
      |                                  [01;36m[K~~~~~~~~~~~~^~~~[m[K
[01m[K/home/user/ws/src/chibi25_b/global_path_planner/src/global_path_planner.cpp:372:20:[m[K [01;31m[Kerror: [m[K‘[01m[Knode[m[K’ is not captured
  372 |             return [01;31m[Knode[m[K.y * width
      |                    [01;31m[K^~~~[m[K
[01m[K/home/user/ws/src/chibi25_b/global_path_planner/src/global_path_planner.cpp:370:58:[m[K [01;36m[Knote: [m[Kthe lambda has no capture-default
  370 | uto result = std::find_if(list.begin(),list.end(), [[01;36m[K][m[K(const Node_& n){
      |                                                     [01;36m[K^[m[K

[01m[K/home/user/ws/src/chibi25_b/global_path_planner/src/global_path_planner.cpp:368:46:[m[K [01;36m[Knote: [m[K‘[01m[Kconst Node_ node[m[K’ declared here
  368 | int Astar::search_node_from_list([01;36m[Kconst Node_ node[m[K, std::vector<Node_>& list)
      |                                  [01;36m[K~~~~~~~~~~~~^~~~[m[K
[01m[K/home/user/ws/src/chibi25_b/global_path_planner/src/global_path_planner.cpp:372:29:[m[K [01;31m[Kerror: [m[K‘[01m[Kwidth[m[K’ was not declared in this scope; did you mean ‘[01m[Kwidth_[m[K’?
  372 |             return node.y * [01;31m[Kwidth[m[K
      |                             [01;31m[K^~~~~[m[K
      |                             [32m[Kwidth_[m[K
[01m[K/home/user/ws/src/chibi25_b/global_path_planner/src/global_path_planner.cpp:372:34:[m[K [01;31m[Kerror: [m[Kexpected ‘[01m[K;[m[K’ before ‘[01m[K}[m[K’ token
  372 |             return node.y * width
      |                                  [01;31m[K^[m[K
      |                                  [32m[K;[m[K
  373 |         [32m[K}[m[K//同じノードを探す　autoだけ心配
      |         [32m[K~[m[K                         
[01m[K/home/user/ws/src/chibi25_b/global_path_planner/src/global_path_planner.cpp:[m[K In member function ‘[01m[Kvoid Astar::show_node_point(Node_)[m[K’:
[01m[K/home/user/ws/src/chibi25_b/global_path_planner/src/global_path_planner.cpp:389:63:[m[K [01;31m[Kerror: [m[Kconversion from ‘[01m[Kgeometry_msgs::msg::PoseStamped[m[K’ {aka ‘[01m[Kgeometry_msgs::msg::PoseStamped_<std::allocator<void> >[m[K’} to non-scalar type ‘[01m[Kgeometry_msgs::msg::PointStamped[m[K’ {aka ‘[01m[Kgeometry_msgs::msg::PointStamped_<std::allocator<void> >[m[K’} requested
  389 | ometry_msgs::msg::PointStamped node_check = [01;31m[Knode_to_pose(node)[m[K;
      |                                             [01;31m[K~~~~~~~~~~~~^~~~~~[m[K

[01m[K/home/user/ws/src/chibi25_b/global_path_planner/src/global_path_planner.cpp:[m[K In member function ‘[01m[Kvoid Astar::show_path(nav_msgs::msg::Path&)[m[K’:
[01m[K/home/user/ws/src/chibi25_b/global_path_planner/src/global_path_planner.cpp:403:47:[m[K [01;31m[Kerror: [m[Kno match for ‘[01m[Koperator=[m[K’ (operand types are ‘[01m[Kstd_msgs::msg::Header_<std::allocator<void> >::_stamp_type[m[K’ {aka ‘[01m[Kbuiltin_interfaces::msg::Time_<std::allocator<void> >[m[K’} and ‘[01m[Kvoid[m[K’)
  403 |     current_path.header.stamp = show_exe_time([01;31m[K)[m[K;
      |                                               [01;31m[K^[m[K
In file included from [01m[K/opt/ros/humble/include/builtin_interfaces/builtin_interfaces/msg/time.hpp:7[m[K,
                 from [01m[K/opt/ros/humble/include/rclcpp/rclcpp/time.hpp:18[m[K,
                 from [01m[K/opt/ros/humble/include/rclcpp/rclcpp/clock.hpp:24[m[K,
                 from [01m[K/opt/ros/humble/include/rclcpp/rclcpp/timer.hpp:27[m[K,
                 from [01m[K/opt/ros/humble/include/rclcpp/rclcpp/callback_group.hpp:30[m[K,
                 from [01m[K/opt/ros/humble/include/rclcpp/rclcpp/any_executable.hpp:20[m[K,
                 from [01m[K/opt/ros/humble/include/rclcpp/rclcpp/memory_strategy.hpp:25[m[K,
                 from [01m[K/opt/ros/humble/include/rclcpp/rclcpp/memory_strategies.hpp:18[m[K,
                 from [01m[K/opt/ros/humble/include/rclcpp/rclcpp/executor_options.hpp:20[m[K,
                 from [01m[K/opt/ros/humble/include/rclcpp/rclcpp/executor.hpp:37[m[K,
                 from [01m[K/opt/ros/humble/include/rclcpp/rclcpp/executors/multi_threaded_executor.hpp:25[m[K,
                 from [01m[K/opt/ros/humble/include/rclcpp/rclcpp/executors.hpp:21[m[K,
                 from [01m[K/opt/ros/humble/include/rclcpp/rclcpp/rclcpp.hpp:155[m[K,
                 from [01m[K/home/user/ws/src/chibi25_b/global_path_planner/include/global_path_planner/global_path_planner.hpp:4[m[K,
                 from [01m[K/home/user/ws/src/chibi25_b/global_path_planner/src/global_path_planner.cpp:1[m[K:
[01m[K/opt/ros/humble/include/builtin_interfaces/builtin_interfaces/msg/detail/time__struct.hpp:32:8:[m[K [01;36m[Knote: [m[Kcandidate: ‘[01m[Kconstexpr builtin_interfaces::msg::Time_<std::allocator<void> >& builtin_interfaces::msg::Time_<std::allocator<void> >::operator=(const builtin_interfaces::msg::Time_<std::allocator<void> >&)[m[K’
   32 | struct [01;36m[KTime_[m[K
      |        [01;36m[K^~~~~[m[K
[01m[K/opt/ros/humble/include/builtin_interfaces/builtin_interfaces/msg/detail/time__struct.hpp:32:8:[m[K [01;36m[Knote: [m[K  no known conversion for argument 1 from ‘[01m[Kvoid[m[K’ to ‘[01m[Kconst builtin_interfaces::msg::Time_<std::allocator<void> >&[m[K’
[01m[K/opt/ros/humble/include/builtin_interfaces/builtin_interfaces/msg/detail/time__struct.hpp:32:8:[m[K [01;36m[Knote: [m[Kcandidate: ‘[01m[Kconstexpr builtin_interfaces::msg::Time_<std::allocator<void> >& builtin_interfaces::msg::Time_<std::allocator<void> >::operator=(builtin_interfaces::msg::Time_<std::allocator<void> >&&)[m[K’
[01m[K/opt/ros/humble/include/builtin_interfaces/builtin_interfaces/msg/detail/time__struct.hpp:32:8:[m[K [01;36m[Knote: [m[K  no known conversion for argument 1 from ‘[01m[Kvoid[m[K’ to ‘[01m[Kbuiltin_interfaces::msg::Time_<std::allocator<void> >&&[m[K’
[01m[K/home/user/ws/src/chibi25_b/global_path_planner/src/global_path_planner.cpp:405:5:[m[K [01;31m[Kerror: [m[K‘[01m[Kpath_pub_[m[K’ was not declared in this scope
  405 |     [01;31m[Kpath_pub_[m[K->publish(current_path);
      |     [01;31m[K^~~~~~~~~[m[K
[01m[K/home/user/ws/src/chibi25_b/global_path_planner/src/global_path_planner.cpp:[m[K In member function ‘[01m[Kint Astar::check_list(Node_, std::vector<Node_>&)[m[K’:
[01m[K/home/user/ws/src/chibi25_b/global_path_planner/src/global_path_planner.cpp:224:1:[m[K [01;35m[Kwarning: [m[Kcontrol reaches end of non-void function [[01;35m[K-Wreturn-type[m[K]
  224 | [01;35m[K}[m[K
      | [01;35m[K^[m[K
[01m[K/home/user/ws/src/chibi25_b/global_path_planner/src/global_path_planner.cpp:[m[K In member function ‘[01m[Kint Astar::search_node_from_list(Node_, std::vector<Node_>&)[m[K’:
[01m[K/home/user/ws/src/chibi25_b/global_path_planner/src/global_path_planner.cpp:379:1:[m[K [01;35m[Kwarning: [m[Kcontrol reaches end of non-void function [[01;35m[K-Wreturn-type[m[K]
  379 | [01;35m[K}[m[K
      | [01;35m[K^[m[K
gmake[2]: *** [CMakeFiles/teamb_global_path_planner_node.dir/build.make:76: CMakeFiles/teamb_global_path_planner_node.dir/src/global_path_planner.cpp.o] Error 1
gmake[1]: *** [CMakeFiles/Makefile2:137: CMakeFiles/teamb_global_path_planner_node.dir/all] Error 2
gmake: *** [Makefile:146: all] Error 2
