-- The C compiler identification is GNU 11.4.0
-- The CXX compiler identification is GNU 11.4.0
-- Detecting C compiler ABI info
-- Detecting C compiler ABI info - done
-- Check for working C compiler: /usr/bin/cc - skipped
-- Detecting C compile features
-- Detecting C compile features - done
-- Detecting CXX compiler ABI info
-- Detecting CXX compiler ABI info - done
-- Check for working CXX compiler: /usr/bin/c++ - skipped
-- Detecting CXX compile features
-- Detecting CXX compile features - done
-- Found ament_cmake_auto: 1.3.11 (/opt/ros/humble/share/ament_cmake_auto/cmake)
-- Found Python3: /usr/bin/python3 (found version "3.10.12") found components: Interpreter 
-- Override CMake install command with custom implementation using symlinks instead of copying resources
-- Found rosidl_generator_c: 3.1.6 (/opt/ros/humble/share/rosidl_generator_c/cmake)
-- Found rosidl_adapter: 3.1.6 (/opt/ros/humble/share/rosidl_adapter/cmake)
-- Found rosidl_generator_cpp: 3.1.6 (/opt/ros/humble/share/rosidl_generator_cpp/cmake)
-- Using all available rosidl_typesupport_c: rosidl_typesupport_fastrtps_c;rosidl_typesupport_introspection_c
-- Using all available rosidl_typesupport_cpp: rosidl_typesupport_fastrtps_cpp;rosidl_typesupport_introspection_cpp
-- Found rmw_implementation_cmake: 6.1.2 (/opt/ros/humble/share/rmw_implementation_cmake/cmake)
-- Found rmw_fastrtps_cpp: 6.2.7 (/opt/ros/humble/share/rmw_fastrtps_cpp/cmake)
-- Found OpenSSL: /usr/lib/x86_64-linux-gnu/libcrypto.so (found version "3.0.2")  
-- Found FastRTPS: /opt/ros/humble/include  
-- Using RMW implementation 'rmw_fastrtps_cpp' as default
-- Looking for pthread.h
-- Looking for pthread.h - found
-- Performing Test CMAKE_HAVE_LIBC_PTHREAD
-- Performing Test CMAKE_HAVE_LIBC_PTHREAD - Success
-- Found Threads: TRUE  
-- Configuring done
-- Generating done
-- Build files have been written to: /home/user/ws/src/chibi25_b/build/local_map_creator
[ 33%] [32mBuilding CXX object CMakeFiles/local_map_creator_node.dir/src/local_map_creator_node.cpp.o[0m
[ 66%] [32mBuilding CXX object CMakeFiles/local_map_creator_node.dir/src/local_map_creator.cpp.o[0m
[01m[K/home/user/ws/src/chibi25_b/local_map_creator/src/local_map_creator.cpp:[m[K In member function ‘[01m[Kint LocalMapCreator::getFreq()[m[K’:
[01m[K/home/user/ws/src/chibi25_b/local_map_creator/src/local_map_creator.cpp:27:1:[m[K [01;35m[Kwarning: [m[Kno return statement in function returning non-void [[01;35m[K-Wreturn-type[m[K]
   27 | [01;35m[K}[m[K
      | [01;35m[K^[m[K
[01m[K/home/user/ws/src/chibi25_b/local_map_creator/src/local_map_creator.cpp:[m[K In member function ‘[01m[Kbool LocalMapCreator::in_map(double, double)[m[K’:
[01m[K/home/user/ws/src/chibi25_b/local_map_creator/src/local_map_creator.cpp:53:1:[m[K [01;35m[Kwarning: [m[Kno return statement in function returning non-void [[01;35m[K-Wreturn-type[m[K]
   53 | [01;35m[K}[m[K
      | [01;35m[K^[m[K
[01m[K/home/user/ws/src/chibi25_b/local_map_creator/src/local_map_creator.cpp:[m[K In member function ‘[01m[Kint LocalMapCreator::get_grid_index(double, double)[m[K’:
[01m[K/home/user/ws/src/chibi25_b/local_map_creator/src/local_map_creator.cpp:58:1:[m[K [01;35m[Kwarning: [m[Kno return statement in function returning non-void [[01;35m[K-Wreturn-type[m[K]
   58 | [01;35m[K}[m[K
      | [01;35m[K^[m[K
[01m[K/home/user/ws/src/chibi25_b/local_map_creator/src/local_map_creator.cpp:[m[K In member function ‘[01m[Kint LocalMapCreator::xy_to_grid_index(double, double)[m[K’:
[01m[K/home/user/ws/src/chibi25_b/local_map_creator/src/local_map_creator.cpp:63:1:[m[K [01;35m[Kwarning: [m[Kno return statement in function returning non-void [[01;35m[K-Wreturn-type[m[K]
   63 | [01;35m[K}[m[K
      | [01;35m[K^[m[K
[100%] [32m[1mLinking CXX executable local_map_creator_node[0m
[100%] Built target local_map_creator_node
