[0.052s] Invoking command in '/home/user/ws/src/chibi25_b/build/local_map_creator': CMAKE_PREFIX_PATH=${CMAKE_PREFIX_PATH}:/home/user/ws/install/turtlesim_controller_py:/opt/ros/humble /usr/bin/cmake /home/user/ws/src/chibi25_b/local_map_creator -DCMAKE_BUILD_TYPE=RelWithDebInfo -DAMENT_CMAKE_SYMLINK_INSTALL=1 -DCMAKE_INSTALL_PREFIX=/home/user/ws/src/chibi25_b/install/local_map_creator
[0.425s] -- The C compiler identification is GNU 11.4.0
[0.605s] -- The CXX compiler identification is GNU 11.4.0
[0.619s] -- Detecting C compiler ABI info
[0.725s] -- Detecting C compiler ABI info - done
[0.739s] -- Check for working C compiler: /usr/bin/cc - skipped
[0.741s] -- Detecting C compile features
[0.741s] -- Detecting C compile features - done
[0.743s] -- Detecting CXX compiler ABI info
[0.858s] -- Detecting CXX compiler ABI info - done
[0.867s] -- Check for working CXX compiler: /usr/bin/c++ - skipped
[0.868s] -- Detecting CXX compile features
[0.870s] -- Detecting CXX compile features - done
[0.872s] -- Found ament_cmake_auto: 1.3.11 (/opt/ros/humble/share/ament_cmake_auto/cmake)
[1.128s] -- Found Python3: /usr/bin/python3 (found version "3.10.12") found components: Interpreter 
[1.228s] -- Override CMake install command with custom implementation using symlinks instead of copying resources
[1.505s] -- Found rosidl_generator_c: 3.1.6 (/opt/ros/humble/share/rosidl_generator_c/cmake)
[1.517s] -- Found rosidl_adapter: 3.1.6 (/opt/ros/humble/share/rosidl_adapter/cmake)
[1.538s] -- Found rosidl_generator_cpp: 3.1.6 (/opt/ros/humble/share/rosidl_generator_cpp/cmake)
[1.577s] -- Using all available rosidl_typesupport_c: rosidl_typesupport_fastrtps_c;rosidl_typesupport_introspection_c
[1.612s] -- Using all available rosidl_typesupport_cpp: rosidl_typesupport_fastrtps_cpp;rosidl_typesupport_introspection_cpp
[1.712s] -- Found rmw_implementation_cmake: 6.1.2 (/opt/ros/humble/share/rmw_implementation_cmake/cmake)
[1.721s] -- Found rmw_fastrtps_cpp: 6.2.7 (/opt/ros/humble/share/rmw_fastrtps_cpp/cmake)
[1.894s] -- Found OpenSSL: /usr/lib/x86_64-linux-gnu/libcrypto.so (found version "3.0.2")  
[1.929s] -- Found FastRTPS: /opt/ros/humble/include  
[1.990s] -- Using RMW implementation 'rmw_fastrtps_cpp' as default
[2.017s] -- Looking for pthread.h
[2.124s] -- Looking for pthread.h - found
[2.127s] -- Performing Test CMAKE_HAVE_LIBC_PTHREAD
[2.210s] -- Performing Test CMAKE_HAVE_LIBC_PTHREAD - Success
[2.213s] -- Found Threads: TRUE  
[2.418s] -- Configuring done
[2.435s] -- Generating done
[2.441s] -- Build files have been written to: /home/user/ws/src/chibi25_b/build/local_map_creator
[2.462s] Invoked command in '/home/user/ws/src/chibi25_b/build/local_map_creator' returned '0': CMAKE_PREFIX_PATH=${CMAKE_PREFIX_PATH}:/home/user/ws/install/turtlesim_controller_py:/opt/ros/humble /usr/bin/cmake /home/user/ws/src/chibi25_b/local_map_creator -DCMAKE_BUILD_TYPE=RelWithDebInfo -DAMENT_CMAKE_SYMLINK_INSTALL=1 -DCMAKE_INSTALL_PREFIX=/home/user/ws/src/chibi25_b/install/local_map_creator
[2.469s] Invoking command in '/home/user/ws/src/chibi25_b/build/local_map_creator': CMAKE_PREFIX_PATH=${CMAKE_PREFIX_PATH}:/home/user/ws/install/turtlesim_controller_py:/opt/ros/humble /usr/bin/cmake --build /home/user/ws/src/chibi25_b/build/local_map_creator -- -j12 -l12
[2.536s] [ 33%] [32mBuilding CXX object CMakeFiles/local_map_creator_node.dir/src/local_map_creator_node.cpp.o[0m
[2.540s] [ 66%] [32mBuilding CXX object CMakeFiles/local_map_creator_node.dir/src/local_map_creator.cpp.o[0m
[7.792s] [01m[K/home/user/ws/src/chibi25_b/local_map_creator/src/local_map_creator.cpp:[m[K In member function ‘[01m[Kint LocalMapCreator::getFreq()[m[K’:
[7.792s] [01m[K/home/user/ws/src/chibi25_b/local_map_creator/src/local_map_creator.cpp:27:1:[m[K [01;35m[Kwarning: [m[Kno return statement in function returning non-void [[01;35m[K-Wreturn-type[m[K]
[7.793s]    27 | [01;35m[K}[m[K
[7.793s]       | [01;35m[K^[m[K
[7.794s] [01m[K/home/user/ws/src/chibi25_b/local_map_creator/src/local_map_creator.cpp:[m[K In member function ‘[01m[Kbool LocalMapCreator::in_map(double, double)[m[K’:
[7.794s] [01m[K/home/user/ws/src/chibi25_b/local_map_creator/src/local_map_creator.cpp:53:1:[m[K [01;35m[Kwarning: [m[Kno return statement in function returning non-void [[01;35m[K-Wreturn-type[m[K]
[7.794s]    53 | [01;35m[K}[m[K
[7.794s]       | [01;35m[K^[m[K
[7.795s] [01m[K/home/user/ws/src/chibi25_b/local_map_creator/src/local_map_creator.cpp:[m[K In member function ‘[01m[Kint LocalMapCreator::get_grid_index(double, double)[m[K’:
[7.795s] [01m[K/home/user/ws/src/chibi25_b/local_map_creator/src/local_map_creator.cpp:58:1:[m[K [01;35m[Kwarning: [m[Kno return statement in function returning non-void [[01;35m[K-Wreturn-type[m[K]
[7.796s]    58 | [01;35m[K}[m[K
[7.796s]       | [01;35m[K^[m[K
[7.796s] [01m[K/home/user/ws/src/chibi25_b/local_map_creator/src/local_map_creator.cpp:[m[K In member function ‘[01m[Kint LocalMapCreator::xy_to_grid_index(double, double)[m[K’:
[7.797s] [01m[K/home/user/ws/src/chibi25_b/local_map_creator/src/local_map_creator.cpp:63:1:[m[K [01;35m[Kwarning: [m[Kno return statement in function returning non-void [[01;35m[K-Wreturn-type[m[K]
[7.797s]    63 | [01;35m[K}[m[K
[7.797s]       | [01;35m[K^[m[K
[9.667s] [100%] [32m[1mLinking CXX executable local_map_creator_node[0m
[9.871s] [100%] Built target local_map_creator_node
