[0.095s] DEBUG:colcon:Command line arguments: ['/usr/bin/colcon', 'build', '--packages-select', 'teamb_local_goal_creator']
[0.095s] DEBUG:colcon:Parsed command line arguments: Namespace(log_base=None, log_level=None, verb_name='build', build_base='build', install_base='install', merge_install=False, symlink_install=False, test_result_base=None, continue_on_error=False, executor='parallel', parallel_workers=8, event_handlers=None, ignore_user_meta=False, metas=['./colcon.meta'], base_paths=['.'], packages_ignore=None, packages_ignore_regex=None, paths=None, packages_up_to=None, packages_up_to_regex=None, packages_above=None, packages_above_and_dependencies=None, packages_above_depth=None, packages_select_by_dep=None, packages_skip_by_dep=None, packages_skip_up_to=None, packages_select_build_failed=False, packages_skip_build_finished=False, packages_select_test_failures=False, packages_skip_test_passed=False, packages_select=['teamb_local_goal_creator'], packages_skip=None, packages_select_regex=None, packages_skip_regex=None, packages_start=None, packages_end=None, cmake_args=None, cmake_target=None, cmake_target_skip_unavailable=False, cmake_clean_cache=False, cmake_clean_first=False, cmake_force_configure=False, ament_cmake_args=None, catkin_cmake_args=None, catkin_skip_building_tests=False, mixin_files=None, mixin=None, verb_parser=<colcon_mixin.mixin.mixin_argument.MixinArgumentDecorator object at 0x7fab5b5e4220>, verb_extension=<colcon_core.verb.build.BuildVerb object at 0x7fab5b6fd810>, main=<bound method BuildVerb.main of <colcon_core.verb.build.BuildVerb object at 0x7fab5b6fd810>>, mixin_verb=('build',))
[0.205s] Level 1:colcon.colcon_core.package_discovery:discover_packages(colcon_meta) check parameters
[0.205s] Level 1:colcon.colcon_core.package_discovery:discover_packages(recursive) check parameters
[0.205s] Level 1:colcon.colcon_core.package_discovery:discover_packages(ignore) check parameters
[0.205s] Level 1:colcon.colcon_core.package_discovery:discover_packages(path) check parameters
[0.205s] Level 1:colcon.colcon_core.package_discovery:discover_packages(colcon_meta) discover
[0.205s] Level 1:colcon.colcon_core.package_discovery:discover_packages(recursive) discover
[0.205s] INFO:colcon.colcon_core.package_discovery:Crawling recursively for packages in '/home/user/ws/src/chibi25_b'
[0.205s] Level 1:colcon.colcon_core.package_identification:_identify(.) by extensions ['ignore', 'ignore_ament_install']
[0.206s] Level 1:colcon.colcon_core.package_identification:_identify(.) by extension 'ignore'
[0.206s] Level 1:colcon.colcon_core.package_identification:_identify(.) by extension 'ignore_ament_install'
[0.206s] Level 1:colcon.colcon_core.package_identification:_identify(.) by extensions ['colcon_pkg']
[0.206s] Level 1:colcon.colcon_core.package_identification:_identify(.) by extension 'colcon_pkg'
[0.206s] Level 1:colcon.colcon_core.package_identification:_identify(.) by extensions ['colcon_meta']
[0.206s] Level 1:colcon.colcon_core.package_identification:_identify(.) by extension 'colcon_meta'
[0.206s] Level 1:colcon.colcon_core.package_identification:_identify(.) by extensions ['ros']
[0.206s] Level 1:colcon.colcon_core.package_identification:_identify(.) by extension 'ros'
[0.218s] Level 1:colcon.colcon_core.package_identification:_identify(.) by extensions ['cmake', 'python']
[0.218s] Level 1:colcon.colcon_core.package_identification:_identify(.) by extension 'cmake'
[0.218s] Level 1:colcon.colcon_core.package_identification:_identify(.) by extension 'python'
[0.218s] Level 1:colcon.colcon_core.package_identification:_identify(.) by extensions ['python_setup_py']
[0.218s] Level 1:colcon.colcon_core.package_identification:_identify(.) by extension 'python_setup_py'
[0.218s] Level 1:colcon.colcon_core.package_identification:_identify(build) by extensions ['ignore', 'ignore_ament_install']
[0.218s] Level 1:colcon.colcon_core.package_identification:_identify(build) by extension 'ignore'
[0.218s] Level 1:colcon.colcon_core.package_identification:_identify(build) ignored
[0.218s] Level 1:colcon.colcon_core.package_identification:_identify(global_path_planner) by extensions ['ignore', 'ignore_ament_install']
[0.219s] Level 1:colcon.colcon_core.package_identification:_identify(global_path_planner) by extension 'ignore'
[0.219s] Level 1:colcon.colcon_core.package_identification:_identify(global_path_planner) by extension 'ignore_ament_install'
[0.219s] Level 1:colcon.colcon_core.package_identification:_identify(global_path_planner) by extensions ['colcon_pkg']
[0.219s] Level 1:colcon.colcon_core.package_identification:_identify(global_path_planner) by extension 'colcon_pkg'
[0.219s] Level 1:colcon.colcon_core.package_identification:_identify(global_path_planner) by extensions ['colcon_meta']
[0.219s] Level 1:colcon.colcon_core.package_identification:_identify(global_path_planner) by extension 'colcon_meta'
[0.219s] Level 1:colcon.colcon_core.package_identification:_identify(global_path_planner) by extensions ['ros']
[0.219s] Level 1:colcon.colcon_core.package_identification:_identify(global_path_planner) by extension 'ros'
[0.222s] DEBUG:colcon.colcon_core.package_identification:Package 'global_path_planner' with type 'ros.ament_cmake' and name 'team_global_path_planner'
[0.222s] Level 1:colcon.colcon_core.package_identification:_identify(install) by extensions ['ignore', 'ignore_ament_install']
[0.222s] Level 1:colcon.colcon_core.package_identification:_identify(install) by extension 'ignore'
[0.222s] Level 1:colcon.colcon_core.package_identification:_identify(install) ignored
[0.222s] Level 1:colcon.colcon_core.package_identification:_identify(local_goal_creator) by extensions ['ignore', 'ignore_ament_install']
[0.222s] Level 1:colcon.colcon_core.package_identification:_identify(local_goal_creator) by extension 'ignore'
[0.222s] Level 1:colcon.colcon_core.package_identification:_identify(local_goal_creator) by extension 'ignore_ament_install'
[0.222s] Level 1:colcon.colcon_core.package_identification:_identify(local_goal_creator) by extensions ['colcon_pkg']
[0.223s] Level 1:colcon.colcon_core.package_identification:_identify(local_goal_creator) by extension 'colcon_pkg'
[0.223s] Level 1:colcon.colcon_core.package_identification:_identify(local_goal_creator) by extensions ['colcon_meta']
[0.223s] Level 1:colcon.colcon_core.package_identification:_identify(local_goal_creator) by extension 'colcon_meta'
[0.223s] Level 1:colcon.colcon_core.package_identification:_identify(local_goal_creator) by extensions ['ros']
[0.223s] Level 1:colcon.colcon_core.package_identification:_identify(local_goal_creator) by extension 'ros'
[0.225s] DEBUG:colcon.colcon_core.package_identification:Package 'local_goal_creator' with type 'ros.ament_cmake' and name 'teamb_local_goal_creator'
[0.225s] Level 1:colcon.colcon_core.package_identification:_identify(local_map_creator) by extensions ['ignore', 'ignore_ament_install']
[0.225s] Level 1:colcon.colcon_core.package_identification:_identify(local_map_creator) by extension 'ignore'
[0.225s] Level 1:colcon.colcon_core.package_identification:_identify(local_map_creator) by extension 'ignore_ament_install'
[0.226s] Level 1:colcon.colcon_core.package_identification:_identify(local_map_creator) by extensions ['colcon_pkg']
[0.226s] Level 1:colcon.colcon_core.package_identification:_identify(local_map_creator) by extension 'colcon_pkg'
[0.226s] Level 1:colcon.colcon_core.package_identification:_identify(local_map_creator) by extensions ['colcon_meta']
[0.226s] Level 1:colcon.colcon_core.package_identification:_identify(local_map_creator) by extension 'colcon_meta'
[0.226s] Level 1:colcon.colcon_core.package_identification:_identify(local_map_creator) by extensions ['ros']
[0.226s] Level 1:colcon.colcon_core.package_identification:_identify(local_map_creator) by extension 'ros'
[0.226s] DEBUG:colcon.colcon_core.package_identification:Package 'local_map_creator' with type 'ros.ament_cmake' and name 'local_map_creator'
[0.227s] Level 1:colcon.colcon_core.package_identification:_identify(local_path_planner) by extensions ['ignore', 'ignore_ament_install']
[0.227s] Level 1:colcon.colcon_core.package_identification:_identify(local_path_planner) by extension 'ignore'
[0.227s] Level 1:colcon.colcon_core.package_identification:_identify(local_path_planner) by extension 'ignore_ament_install'
[0.227s] Level 1:colcon.colcon_core.package_identification:_identify(local_path_planner) by extensions ['colcon_pkg']
[0.227s] Level 1:colcon.colcon_core.package_identification:_identify(local_path_planner) by extension 'colcon_pkg'
[0.227s] Level 1:colcon.colcon_core.package_identification:_identify(local_path_planner) by extensions ['colcon_meta']
[0.227s] Level 1:colcon.colcon_core.package_identification:_identify(local_path_planner) by extension 'colcon_meta'
[0.227s] Level 1:colcon.colcon_core.package_identification:_identify(local_path_planner) by extensions ['ros']
[0.227s] Level 1:colcon.colcon_core.package_identification:_identify(local_path_planner) by extension 'ros'
[0.228s] DEBUG:colcon.colcon_core.package_identification:Package 'local_path_planner' with type 'ros.ament_cmake' and name 'teamb_local_path_planner'
[0.228s] Level 1:colcon.colcon_core.package_identification:_identify(localizer) by extensions ['ignore', 'ignore_ament_install']
[0.228s] Level 1:colcon.colcon_core.package_identification:_identify(localizer) by extension 'ignore'
[0.228s] Level 1:colcon.colcon_core.package_identification:_identify(localizer) by extension 'ignore_ament_install'
[0.228s] Level 1:colcon.colcon_core.package_identification:_identify(localizer) by extensions ['colcon_pkg']
[0.228s] Level 1:colcon.colcon_core.package_identification:_identify(localizer) by extension 'colcon_pkg'
[0.228s] Level 1:colcon.colcon_core.package_identification:_identify(localizer) by extensions ['colcon_meta']
[0.228s] Level 1:colcon.colcon_core.package_identification:_identify(localizer) by extension 'colcon_meta'
[0.228s] Level 1:colcon.colcon_core.package_identification:_identify(localizer) by extensions ['ros']
[0.229s] Level 1:colcon.colcon_core.package_identification:_identify(localizer) by extension 'ros'
[0.229s] DEBUG:colcon.colcon_core.package_identification:Package 'localizer' with type 'ros.ament_cmake' and name 'teamb_localizer'
[0.230s] Level 1:colcon.colcon_core.package_identification:_identify(log) by extensions ['ignore', 'ignore_ament_install']
[0.230s] Level 1:colcon.colcon_core.package_identification:_identify(log) by extension 'ignore'
[0.230s] Level 1:colcon.colcon_core.package_identification:_identify(log) ignored
[0.230s] Level 1:colcon.colcon_core.package_identification:_identify(obstacle_detector) by extensions ['ignore', 'ignore_ament_install']
[0.230s] Level 1:colcon.colcon_core.package_identification:_identify(obstacle_detector) by extension 'ignore'
[0.230s] Level 1:colcon.colcon_core.package_identification:_identify(obstacle_detector) by extension 'ignore_ament_install'
[0.230s] Level 1:colcon.colcon_core.package_identification:_identify(obstacle_detector) by extensions ['colcon_pkg']
[0.230s] Level 1:colcon.colcon_core.package_identification:_identify(obstacle_detector) by extension 'colcon_pkg'
[0.230s] Level 1:colcon.colcon_core.package_identification:_identify(obstacle_detector) by extensions ['colcon_meta']
[0.230s] Level 1:colcon.colcon_core.package_identification:_identify(obstacle_detector) by extension 'colcon_meta'
[0.230s] Level 1:colcon.colcon_core.package_identification:_identify(obstacle_detector) by extensions ['ros']
[0.230s] Level 1:colcon.colcon_core.package_identification:_identify(obstacle_detector) by extension 'ros'
[0.231s] DEBUG:colcon.colcon_core.package_identification:Package 'obstacle_detector' with type 'ros.ament_cmake' and name 'obstacle_detector'
[0.231s] Level 1:colcon.colcon_core.package_discovery:discover_packages(recursive) using defaults
[0.231s] Level 1:colcon.colcon_core.package_discovery:discover_packages(ignore) discover
[0.231s] Level 1:colcon.colcon_core.package_discovery:discover_packages(ignore) using defaults
[0.231s] Level 1:colcon.colcon_core.package_discovery:discover_packages(path) discover
[0.231s] Level 1:colcon.colcon_core.package_discovery:discover_packages(path) using defaults
[0.247s] INFO:colcon.colcon_core.package_selection:Skipping not selected package 'local_map_creator' in 'local_map_creator'
[0.247s] INFO:colcon.colcon_core.package_selection:Skipping not selected package 'obstacle_detector' in 'obstacle_detector'
[0.247s] INFO:colcon.colcon_core.package_selection:Skipping not selected package 'team_global_path_planner' in 'global_path_planner'
[0.247s] INFO:colcon.colcon_core.package_selection:Skipping not selected package 'teamb_local_path_planner' in 'local_path_planner'
[0.247s] INFO:colcon.colcon_core.package_selection:Skipping not selected package 'teamb_localizer' in 'localizer'
[0.247s] Level 5:colcon.colcon_core.verb:set package 'teamb_local_goal_creator' build argument 'cmake_args' from command line to 'None'
[0.247s] Level 5:colcon.colcon_core.verb:set package 'teamb_local_goal_creator' build argument 'cmake_target' from command line to 'None'
[0.247s] Level 5:colcon.colcon_core.verb:set package 'teamb_local_goal_creator' build argument 'cmake_target_skip_unavailable' from command line to 'False'
[0.247s] Level 5:colcon.colcon_core.verb:set package 'teamb_local_goal_creator' build argument 'cmake_clean_cache' from command line to 'False'
[0.247s] Level 5:colcon.colcon_core.verb:set package 'teamb_local_goal_creator' build argument 'cmake_clean_first' from command line to 'False'
[0.247s] Level 5:colcon.colcon_core.verb:set package 'teamb_local_goal_creator' build argument 'cmake_force_configure' from command line to 'False'
[0.247s] Level 5:colcon.colcon_core.verb:set package 'teamb_local_goal_creator' build argument 'ament_cmake_args' from command line to 'None'
[0.247s] Level 5:colcon.colcon_core.verb:set package 'teamb_local_goal_creator' build argument 'catkin_cmake_args' from command line to 'None'
[0.247s] Level 5:colcon.colcon_core.verb:set package 'teamb_local_goal_creator' build argument 'catkin_skip_building_tests' from command line to 'False'
[0.247s] DEBUG:colcon.colcon_core.verb:Building package 'teamb_local_goal_creator' with the following arguments: {'ament_cmake_args': None, 'build_base': '/home/user/ws/src/chibi25_b/build/teamb_local_goal_creator', 'catkin_cmake_args': None, 'catkin_skip_building_tests': False, 'cmake_args': None, 'cmake_clean_cache': False, 'cmake_clean_first': False, 'cmake_force_configure': False, 'cmake_target': None, 'cmake_target_skip_unavailable': False, 'install_base': '/home/user/ws/src/chibi25_b/install/teamb_local_goal_creator', 'merge_install': False, 'path': '/home/user/ws/src/chibi25_b/local_goal_creator', 'symlink_install': False, 'test_result_base': None}
[0.248s] INFO:colcon.colcon_core.executor:Executing jobs using 'parallel' executor
[0.249s] DEBUG:colcon.colcon_parallel_executor.executor.parallel:run_until_complete
[0.251s] INFO:colcon.colcon_ros.task.ament_cmake.build:Building ROS package in '/home/user/ws/src/chibi25_b/local_goal_creator' with build type 'ament_cmake'
[0.252s] INFO:colcon.colcon_cmake.task.cmake.build:Building CMake package in '/home/user/ws/src/chibi25_b/local_goal_creator'
[0.255s] INFO:colcon.colcon_core.plugin_system:Skipping extension 'colcon_core.shell.bat': Not used on non-Windows systems
[0.255s] INFO:colcon.colcon_core.shell:Skip shell extension 'powershell' for command environment: Not usable outside of PowerShell
[0.255s] DEBUG:colcon.colcon_core.shell:Skip shell extension 'dsv' for command environment
[0.284s] DEBUG:colcon.colcon_core.event_handler.log_command:Invoking command in '/home/user/ws/src/chibi25_b/build/teamb_local_goal_creator': CMAKE_PREFIX_PATH=${CMAKE_PREFIX_PATH}:/home/user/ws/install/turtlesim_controller_py:/opt/ros/humble /usr/bin/cmake /home/user/ws/src/chibi25_b/local_goal_creator -DCMAKE_INSTALL_PREFIX=/home/user/ws/src/chibi25_b/install/teamb_local_goal_creator
[1.244s] DEBUG:colcon.colcon_core.event_handler.log_command:Invoked command in '/home/user/ws/src/chibi25_b/build/teamb_local_goal_creator' returned '1': CMAKE_PREFIX_PATH=${CMAKE_PREFIX_PATH}:/home/user/ws/install/turtlesim_controller_py:/opt/ros/humble /usr/bin/cmake /home/user/ws/src/chibi25_b/local_goal_creator -DCMAKE_INSTALL_PREFIX=/home/user/ws/src/chibi25_b/install/teamb_local_goal_creator
[1.252s] Level 1:colcon.colcon_core.environment:create_environment_scripts_only(teamb_local_goal_creator)
[1.256s] Level 1:colcon.colcon_core.environment:checking '/home/user/ws/src/chibi25_b/install/teamb_local_goal_creator' for CMake module files
[1.257s] Level 1:colcon.colcon_core.environment:checking '/home/user/ws/src/chibi25_b/install/teamb_local_goal_creator' for CMake config files
[1.257s] Level 1:colcon.colcon_core.environment:checking '/home/user/ws/src/chibi25_b/install/teamb_local_goal_creator/bin'
[1.257s] Level 1:colcon.colcon_core.environment:checking '/home/user/ws/src/chibi25_b/install/teamb_local_goal_creator/lib/pkgconfig/teamb_local_goal_creator.pc'
[1.258s] Level 1:colcon.colcon_core.environment:checking '/home/user/ws/src/chibi25_b/install/teamb_local_goal_creator/lib/python3.10/site-packages'
[1.258s] Level 1:colcon.colcon_core.environment:checking '/home/user/ws/src/chibi25_b/install/teamb_local_goal_creator/bin'
[1.259s] INFO:colcon.colcon_core.shell:Creating package script '/home/user/ws/src/chibi25_b/install/teamb_local_goal_creator/share/teamb_local_goal_creator/package.ps1'
[1.262s] INFO:colcon.colcon_core.shell:Creating package descriptor '/home/user/ws/src/chibi25_b/install/teamb_local_goal_creator/share/teamb_local_goal_creator/package.dsv'
[1.262s] INFO:colcon.colcon_core.shell:Creating package script '/home/user/ws/src/chibi25_b/install/teamb_local_goal_creator/share/teamb_local_goal_creator/package.sh'
[1.263s] INFO:colcon.colcon_core.shell:Creating package script '/home/user/ws/src/chibi25_b/install/teamb_local_goal_creator/share/teamb_local_goal_creator/package.bash'
[1.264s] INFO:colcon.colcon_core.shell:Creating package script '/home/user/ws/src/chibi25_b/install/teamb_local_goal_creator/share/teamb_local_goal_creator/package.zsh'
[1.264s] Level 1:colcon.colcon_core.environment:create_file_with_runtime_dependencies(/home/user/ws/src/chibi25_b/install/teamb_local_goal_creator/share/colcon-core/packages/teamb_local_goal_creator)
[1.276s] DEBUG:colcon.colcon_parallel_executor.executor.parallel:closing loop
[1.276s] DEBUG:colcon.colcon_parallel_executor.executor.parallel:loop closed
[1.276s] DEBUG:colcon.colcon_parallel_executor.executor.parallel:run_until_complete finished with '1'
[1.276s] DEBUG:colcon.colcon_core.event_reactor:joining thread
[1.281s] INFO:colcon.colcon_core.plugin_system:Skipping extension 'colcon_notification.desktop_notification.notify_send': Could not find 'notify-send'
[1.281s] INFO:colcon.colcon_core.plugin_system:Skipping extension 'colcon_notification.desktop_notification.terminal_notifier': Not used on non-Darwin systems
[1.281s] INFO:colcon.colcon_core.plugin_system:Skipping extension 'colcon_notification.desktop_notification.win32': Not used on non-Windows systems
[1.281s] INFO:colcon.colcon_notification.desktop_notification:Sending desktop notification using 'notify2'
[1.285s] DEBUG:colcon.colcon_notification.desktop_notification.notify2:Failed to initialize notify2: org.freedesktop.DBus.Error.Spawn.ExecFailed: /usr/bin/dbus-launch terminated abnormally without any error message
[1.285s] DEBUG:colcon.colcon_core.event_reactor:joined thread
[1.286s] INFO:colcon.colcon_core.shell:Creating prefix script '/home/user/ws/src/chibi25_b/install/local_setup.ps1'
[1.288s] INFO:colcon.colcon_core.shell:Creating prefix util module '/home/user/ws/src/chibi25_b/install/_local_setup_util_ps1.py'
[1.289s] INFO:colcon.colcon_core.shell:Creating prefix chain script '/home/user/ws/src/chibi25_b/install/setup.ps1'
[1.291s] INFO:colcon.colcon_core.shell:Creating prefix script '/home/user/ws/src/chibi25_b/install/local_setup.sh'
[1.292s] INFO:colcon.colcon_core.shell:Creating prefix util module '/home/user/ws/src/chibi25_b/install/_local_setup_util_sh.py'
[1.292s] INFO:colcon.colcon_core.shell:Creating prefix chain script '/home/user/ws/src/chibi25_b/install/setup.sh'
[1.293s] INFO:colcon.colcon_core.shell:Creating prefix script '/home/user/ws/src/chibi25_b/install/local_setup.bash'
[1.294s] INFO:colcon.colcon_core.shell:Creating prefix chain script '/home/user/ws/src/chibi25_b/install/setup.bash'
[1.295s] INFO:colcon.colcon_core.shell:Creating prefix script '/home/user/ws/src/chibi25_b/install/local_setup.zsh'
[1.295s] INFO:colcon.colcon_core.shell:Creating prefix chain script '/home/user/ws/src/chibi25_b/install/setup.zsh'
