[0.047s] Invoking command in '/home/user/ws/src/chibi25_b/build/teamb_localizer': CMAKE_PREFIX_PATH=${CMAKE_PREFIX_PATH}:/home/user/ws/install/turtlesim_controller_py:/opt/ros/humble /usr/bin/cmake /home/user/ws/src/chibi25_b/localizer -DCMAKE_BUILD_TYPE=RelWithDebInfo -DAMENT_CMAKE_SYMLINK_INSTALL=1 -DCMAKE_INSTALL_PREFIX=/home/user/ws/src/chibi25_b/install/teamb_localizer
[0.394s] -- The C compiler identification is GNU 11.4.0
[0.567s] -- The CXX compiler identification is GNU 11.4.0
[0.585s] -- Detecting C compiler ABI info
[0.685s] -- Detecting C compiler ABI info - done
[0.695s] -- Check for working C compiler: /usr/bin/cc - skipped
[0.696s] -- Detecting C compile features
[0.698s] -- Detecting C compile features - done
[0.705s] -- Detecting CXX compiler ABI info
[0.823s] -- Detecting CXX compiler ABI info - done
[0.837s] -- Check for working CXX compiler: /usr/bin/c++ - skipped
[0.838s] -- Detecting CXX compile features
[0.838s] -- Detecting CXX compile features - done
[0.841s] -- Found ament_cmake_auto: 1.3.11 (/opt/ros/humble/share/ament_cmake_auto/cmake)
[1.078s] -- Found Python3: /usr/bin/python3 (found version "3.10.12") found components: Interpreter 
[1.179s] -- Override CMake install command with custom implementation using symlinks instead of copying resources
[1.471s] -- Found rosidl_generator_c: 3.1.6 (/opt/ros/humble/share/rosidl_generator_c/cmake)
[1.484s] -- Found rosidl_adapter: 3.1.6 (/opt/ros/humble/share/rosidl_adapter/cmake)
[1.504s] -- Found rosidl_generator_cpp: 3.1.6 (/opt/ros/humble/share/rosidl_generator_cpp/cmake)
[1.543s] -- Using all available rosidl_typesupport_c: rosidl_typesupport_fastrtps_c;rosidl_typesupport_introspection_c
[1.578s] -- Using all available rosidl_typesupport_cpp: rosidl_typesupport_fastrtps_cpp;rosidl_typesupport_introspection_cpp
[1.678s] -- Found rmw_implementation_cmake: 6.1.2 (/opt/ros/humble/share/rmw_implementation_cmake/cmake)
[1.688s] -- Found rmw_fastrtps_cpp: 6.2.7 (/opt/ros/humble/share/rmw_fastrtps_cpp/cmake)
[1.860s] -- Found OpenSSL: /usr/lib/x86_64-linux-gnu/libcrypto.so (found version "3.0.2")  
[1.896s] -- Found FastRTPS: /opt/ros/humble/include  
[1.956s] -- Using RMW implementation 'rmw_fastrtps_cpp' as default
[1.984s] -- Looking for pthread.h
[2.097s] -- Looking for pthread.h - found
[2.098s] -- Performing Test CMAKE_HAVE_LIBC_PTHREAD
[2.189s] -- Performing Test CMAKE_HAVE_LIBC_PTHREAD - Success
[2.191s] -- Found Threads: TRUE  
[2.629s] -- Found eigen3_cmake_module: 0.1.1 (/opt/ros/humble/share/eigen3_cmake_module/cmake)
[2.633s] -- Found Eigen3: TRUE (found version "3.4.0") 
[2.634s] -- Ensuring Eigen3 include directory is part of orocos-kdl CMake target
[2.680s] -- Configuring done
[2.703s] [31mCMake Error at CMakeLists.txt:24 (add_executable):
[2.703s]   Cannot find source file:
[2.703s] 
[2.703s]     src/turtle_tf_broadcaster.cpp
[2.704s] 
[2.704s]   Tried extensions .c .C .c++ .cc .cpp .cxx .cu .mpp .m .M .mm .ixx .cppm .h
[2.704s]   .hh .h++ .hm .hpp .hxx .in .txx .f .F .for .f77 .f90 .f95 .f03 .hip .ispc
[2.704s] 
[2.704s] [0m
[2.704s] [31mCMake Error at CMakeLists.txt:24 (add_executable):
[2.705s]   No SOURCES given to target: turtle_tf_broadcaster
[2.705s] 
[2.705s] [0m
[2.705s] [0mCMake Generate step failed.  Build files cannot be regenerated correctly.[0m
[2.716s] Invoked command in '/home/user/ws/src/chibi25_b/build/teamb_localizer' returned '1': CMAKE_PREFIX_PATH=${CMAKE_PREFIX_PATH}:/home/user/ws/install/turtlesim_controller_py:/opt/ros/humble /usr/bin/cmake /home/user/ws/src/chibi25_b/localizer -DCMAKE_BUILD_TYPE=RelWithDebInfo -DAMENT_CMAKE_SYMLINK_INSTALL=1 -DCMAKE_INSTALL_PREFIX=/home/user/ws/src/chibi25_b/install/teamb_localizer
